#
# A fatal error has been detected by the Java Runtime Environment:
#
#  SIGSEGV (0xb) at pc=0x00007fb4a7384d5d, pid=58397, tid=58401
#
# JRE version: OpenJDK Runtime Environment (14.0.2+12) (build 14.0.2+12)
# Java VM: OpenJDK 64-Bit Server VM (14.0.2+12, mixed mode, tiered, compressed oops, parallel gc, linux-amd64)
# Problematic frame:
# V  [libjvm.so+0xc00d5d]
#
# Core dump will be written. Default location: Core dumps may be processed with "/usr/lib/systemd/systemd-coredump %P %u %g %s %t %c %h" (or dumping to /home/anshul/Documents/prog/spring_sts/interview_portal/core.58397)
#
# If you would like to submit a bug report, please visit:
#   https://bugreport.java.com/bugreport/crash.jsp
#

---------------  S U M M A R Y ------------

Command Line: --add-modules=ALL-SYSTEM --add-opens=java.base/java.util=ALL-UNNAMED --add-opens=java.base/java.lang=ALL-UNNAMED -Declipse.application=org.eclipse.jdt.ls.core.id1 -Dosgi.bundles.defaultStartLevel=4 -Declipse.product=org.eclipse.jdt.ls.core.product -Dfile.encoding=utf8 -XX:+UseParallelGC -XX:GCTimeRatio=4 -XX:AdaptiveSizePolicyWeight=90 -Dsun.zip.disableMemoryMapping=true -Xmx1G -Xms100m /home/anshul/.vscode/extensions/redhat.java-0.69.0/server/plugins/org.eclipse.equinox.launcher_1.5.800.v20200727-1323.jar -configuration /home/anshul/.config/Code/User/globalStorage/redhat.java/0.69.0/config_linux -data /home/anshul/.config/Code/User/workspaceStorage/3300a8db958929ec4fffc8e102f0341b/redhat.java/jdt_ws

Host: Intel(R) Core(TM) i7-7700HQ CPU @ 2.80GHz, 8 cores, 15G, Manjaro Linux
Time: Tue Oct 27 16:34:58 2020 IST elapsed time: 7584 seconds (0d 2h 6m 24s)

---------------  T H R E A D  ---------------

Current thread (0x00007fb4a0200800):  VMThread "VM Thread" [stack: 0x00007fb485a75000,0x00007fb485b75000] [id=58401]

Stack: [0x00007fb485a75000,0x00007fb485b75000],  sp=0x00007fb485b73220,  free space=1016k
Native frames: (J=compiled Java code, A=aot compiled Java code, j=interpreted, Vv=VM code, C=native code)
V  [libjvm.so+0xc00d5d]
V  [libjvm.so+0xba88b2]
V  [libjvm.so+0xc00162]
V  [libjvm.so+0xc03168]
V  [libjvm.so+0xc0362f]
V  [libjvm.so+0xc0c996]
V  [libjvm.so+0xbaf6d9]
V  [libjvm.so+0xc0e479]
V  [libjvm.so+0xe2942f]
V  [libjvm.so+0xe2ec66]
V  [libjvm.so+0xe2f1c1]
V  [libjvm.so+0xe2f52b]
V  [libjvm.so+0xdba40e]
V  [libjvm.so+0xb8f9ea]


siginfo: si_signo: 11 (SIGSEGV), si_code: 128 (SI_KERNEL), si_addr: 0x0000000000000000

Register to memory mapping:

RAX=0x00007fb4a5dd1000 points into unknown readable memory: 00 00 00 c0 00 00 00 00
RBX=0x00000000c1100000 is pointing into object: java.util.HashMap$Node 
{0x00000000c10ffff0} - klass: 'java/util/HashMap$Node'
RCX=0x0 is NULL
RDX=0x00009fffffffcb1c is an unknown value
RSP=0x00007fb485b73220 points into unknown readable memory: f0 01 30 c0 00 00 00 00
RBP=0x00007fb485b73250 points into unknown readable memory: a0 32 b7 85 b4 7f 00 00
RSI=0x000000006b646a2f is an unknown value
RDI=0x00007fb4a79a7420: <offset 0x0000000001223420> in /usr/lib/jvm/java-14-openjdk/lib/server/libjvm.so at 0x00007fb4a6784000
R8 =0x00007fb4a79270b0: <offset 0x00000000011a30b0> in /usr/lib/jvm/java-14-openjdk/lib/server/libjvm.so at 0x00007fb4a6784000
R9 =0x0000000000000064 is an unknown value
R10=0x00000000000d167c is an unknown value
R11=0x00007fb4a79a7460: <offset 0x0000000001223460> in /usr/lib/jvm/java-14-openjdk/lib/server/libjvm.so at 0x00007fb4a6784000
R12=0x000000006b646a2f is an unknown value
R13=0x00007fb4a79270c0: <offset 0x00000000011a30c0> in /usr/lib/jvm/java-14-openjdk/lib/server/libjvm.so at 0x00007fb4a6784000
R14=0x00057fb4a5db68e0 is an unknown value
R15=0x00007fb4a00d8060 points into unknown readable memory: 88 91 b6 02 e2 b1 00 00


Registers:
RAX=0x00007fb4a5dd1000, RBX=0x00000000c1100000, RCX=0x0000000000000000, RDX=0x00009fffffffcb1c
RSP=0x00007fb485b73220, RBP=0x00007fb485b73250, RSI=0x000000006b646a2f, RDI=0x00007fb4a79a7420
R8 =0x00007fb4a79270b0, R9 =0x0000000000000064, R10=0x00000000000d167c, R11=0x00007fb4a79a7460
R12=0x000000006b646a2f, R13=0x00007fb4a79270c0, R14=0x00057fb4a5db68e0, R15=0x00007fb4a00d8060
RIP=0x00007fb4a7384d5d, EFLAGS=0x0000000000010a07, CSGSFS=0x002b000000000033, ERR=0x0000000000000000
  TRAPNO=0x000000000000000d

Top of Stack: (sp=0x00007fb485b73220)
0x00007fb485b73220:   00000000c03001f0 00000000c1100000
0x00007fb485b73230:   00000001000217b8 00007fb4a79270c0
0x00007fb485b73240:   00007fb485b732c0 00000000c110000c
0x00007fb485b73250:   00007fb485b732a0 00007fb4a732c8b2 

Instructions: (pc=0x00007fb4a7384d5d)
0x00007fb4a7384c5d:   48 8d 51 01 49 01 c1 49 01 c9 4c 39 da 73 3f 4c
0x00007fb4a7384c6d:   8b 2d fd 27 62 00 48 89 d0 48 89 d1 48 c1 e8 06
0x00007fb4a7384c7d:   83 e1 3f 4d 8b 74 c5 00 49 d3 ee 41 f6 c6 01 75
0x00007fb4a7384c8d:   44 4d 85 f6 74 0f eb 2b 0f 1f 00 49 8b 54 c5 00
0x00007fb4a7384c9d:   48 85 d2 75 6e 48 83 c0 01 48 39 c6 77 ed 48 83
0x00007fb4a7384cad:   c4 10 5b 41 5c 41 5d 41 5e 5d c3 0f 1f 84 00 00
0x00007fb4a7384cbd:   00 00 00 31 c9 f3 49 0f bc ce 48 63 c9 48 01 ca
0x00007fb4a7384ccd:   49 39 d3 76 d9 48 89 f8 e9 06 ff ff ff 66 0f 1f
0x00007fb4a7384cdd:   44 00 00 31 c0 f3 49 0f bc c6 48 98 48 8d 0c 10
0x00007fb4a7384ced:   e9 60 ff ff ff 66 0f 1f 44 00 00 f3 48 0f bc c9
0x00007fb4a7384cfd:   48 c1 e0 06 48 63 c9 48 01 c1 e9 46 ff ff ff 0f
0x00007fb4a7384d0d:   1f 40 00 f3 48 0f bc d2 48 c1 e0 06 48 63 d2 48
0x00007fb4a7384d1d:   01 c2 eb ac 0f 1f 80 00 00 00 00 c3 90 66 0f 1f
0x00007fb4a7384d2d:   44 00 00 55 48 89 f0 48 89 e5 41 57 49 89 d7 41
0x00007fb4a7384d3d:   56 41 55 41 54 49 89 f4 53 48 83 ec 08 48 2b 07
0x00007fb4a7384d4d:   48 c1 e8 13 48 8d 14 80 48 8b 47 18 4c 8d 34 d0
0x00007fb4a7384d5d:   41 8b 46 1c 41 8b 56 18 4d 8b 2e 25 ff ff ff 07
0x00007fb4a7384d6d:   48 01 d0 48 3d 00 00 01 00 74 78 41 0f b6 46 20
0x00007fb4a7384d7d:   48 89 fb 84 c0 74 4c 48 8b 53 30 4c 89 e0 48 2b
0x00007fb4a7384d8d:   03 4c 89 e1 48 c1 e8 0a 4c 89 fe 48 8d 3d c1 26
0x00007fb4a7384d9d:   62 00 0f b7 1c 42 4c 89 e2 48 81 e2 00 fc ff ff
0x00007fb4a7384dad:   67 e8 0d 6e fa ff 48 83 c4 08 48 01 c3 49 8d 44
0x00007fb4a7384dbd:   dd 00 5b 41 5c 41 5d 41 5e 41 5f 5d c3 66 0f 1f
0x00007fb4a7384dcd:   44 00 00 48 89 f7 48 2b 3b 48 c1 ef 13 e8 61 fd
0x00007fb4a7384ddd:   ff ff 41 c6 46 20 01 eb 9e 66 2e 0f 1f 84 00 00
0x00007fb4a7384ded:   00 00 00 48 83 c4 08 41 81 e4 f8 ff 07 00 5b 4b
0x00007fb4a7384dfd:   8d 44 25 00 41 5c 41 5d 41 5e 41 5f 5d c3 90 0f
0x00007fb4a7384e0d:   1f 40 00 55 48 89 e5 67 e8 56 7a f8 ff 5d 48 ba
0x00007fb4a7384e1d:   db 34 b6 d7 82 de 1b 43 48 89 c1 48 f7 ea 48 c1
0x00007fb4a7384e2d:   f9 3f 48 89 d0 ba 00 00 00 00 48 c1 f8 12 48 29
0x00007fb4a7384e3d:   c8 48 2b 05 63 26 62 00 48 0f 48 c2 c3 66 0f 1f
0x00007fb4a7384e4d:   44 00 00 55 48 89 e5 67 e8 16 7a f8 ff 5d 48 ba 


Stack slot to memory mapping:
stack at sp + 0 slots: 0x00000000c03001f0 is an oop: java.util.HashMap$Node 
{0x00000000c03001f0} - klass: 'java/util/HashMap$Node'
stack at sp + 1 slots: 0x00000000c1100000 is pointing into object: java.util.HashMap$Node 
{0x00000000c10ffff0} - klass: 'java/util/HashMap$Node'
stack at sp + 2 slots: 0x00000001000217b8 is pointing into metadata
stack at sp + 3 slots: 0x00007fb4a79270c0: <offset 0x00000000011a30c0> in /usr/lib/jvm/java-14-openjdk/lib/server/libjvm.so at 0x00007fb4a6784000
stack at sp + 4 slots: 0x00007fb485b732c0 points into unknown readable memory: e8 de 88 a7 b4 7f 00 00
stack at sp + 5 slots: 0x00000000c110000c is pointing into object: java.util.HashMap$Node 
{0x00000000c10ffff0} - klass: 'java/util/HashMap$Node'
stack at sp + 6 slots: 0x00007fb485b732a0 points into unknown readable memory: 10 33 b7 85 b4 7f 00 00
stack at sp + 7 slots: 0x00007fb4a732c8b2: <offset 0x0000000000ba88b2> in /usr/lib/jvm/java-14-openjdk/lib/server/libjvm.so at 0x00007fb4a6784000

VM_Operation (0x00007fb435145f20): ParallelGCFailedAllocation, mode: safepoint, requested by thread 0x00007fb3c81b4000


---------------  P R O C E S S  ---------------

Threads class SMR info:
_java_thread_list=0x00007fb4180fef80, length=40, elements={
0x00007fb4a0017000, 0x00007fb4a020d800, 0x00007fb4a020f800, 0x00007fb4a022e000,
0x00007fb4a0230000, 0x00007fb4a0232000, 0x00007fb4a0234000, 0x00007fb4a023b000,
0x00007fb4a02ef000, 0x00007fb4a035b800, 0x00007fb4a0550800, 0x00007fb4a05a8000,
0x00007fb4a05ab000, 0x00007fb444033000, 0x00007fb444240800, 0x00007fb44452f000,
0x00007fb4a0607800, 0x00007fb4a06c4000, 0x00007fb4201a8800, 0x00007fb3d43b4000,
0x00007fb3c48ed800, 0x00007fb3c458d800, 0x00007fb470009800, 0x00007fb408002000,
0x00007fb3d0b52000, 0x00007fb39006a800, 0x00007fb38c12a800, 0x00007fb38c12b800,
0x00007fb38c12c800, 0x00007fb3fc0e4800, 0x00007fb3c81b4000, 0x00007fb4180a9800,
0x00007fb418036000, 0x00007fb3c8018800, 0x00007fb408003800, 0x00007fb3b400e800,
0x00007fb4180d2800, 0x00007fb40024b800, 0x00007fb4180d1800, 0x00007fb41811e800
}

Java Threads: ( => current thread )
  0x00007fb4a0017000 JavaThread "main" [_thread_blocked, id=58398, stack(0x00007fb4a6346000,0x00007fb4a6447000)]
  0x00007fb4a020d800 JavaThread "Reference Handler" daemon [_thread_blocked, id=58402, stack(0x00007fb485972000,0x00007fb485a73000)]
  0x00007fb4a020f800 JavaThread "Finalizer" daemon [_thread_blocked, id=58403, stack(0x00007fb485871000,0x00007fb485972000)]
  0x00007fb4a022e000 JavaThread "Signal Dispatcher" daemon [_thread_blocked, id=58404, stack(0x00007fb485488000,0x00007fb485589000)]
  0x00007fb4a0230000 JavaThread "Service Thread" daemon [_thread_blocked, id=58405, stack(0x00007fb485387000,0x00007fb485488000)]
  0x00007fb4a0232000 JavaThread "C2 CompilerThread0" daemon [_thread_blocked, id=58406, stack(0x00007fb485286000,0x00007fb485387000)]
  0x00007fb4a0234000 JavaThread "C1 CompilerThread0" daemon [_thread_blocked, id=58407, stack(0x00007fb485185000,0x00007fb485286000)]
  0x00007fb4a023b000 JavaThread "Sweeper thread" daemon [_thread_blocked, id=58408, stack(0x00007fb485084000,0x00007fb485185000)]
  0x00007fb4a02ef000 JavaThread "Common-Cleaner" daemon [_thread_blocked, id=58412, stack(0x00007fb484f83000,0x00007fb485084000)]
  0x00007fb4a035b800 JavaThread "Notification Thread" daemon [_thread_blocked, id=58414, stack(0x00007fb484d81000,0x00007fb484e82000)]
  0x00007fb4a0550800 JavaThread "Active Thread: Equinox Container: ba06c3cd-b8c9-458d-8a15-e2b0ac17f8b0" [_thread_blocked, id=58463, stack(0x00007fb48477e000,0x00007fb48487f000)]
  0x00007fb4a05a8000 JavaThread "Framework Event Dispatcher: Equinox Container: ba06c3cd-b8c9-458d-8a15-e2b0ac17f8b0" daemon [_thread_blocked, id=58466, stack(0x00007fb48447d000,0x00007fb48457e000)]
  0x00007fb4a05ab000 JavaThread "Start Level: Equinox Container: ba06c3cd-b8c9-458d-8a15-e2b0ac17f8b0" daemon [_thread_blocked, id=58467, stack(0x00007fb48437c000,0x00007fb48447d000)]
  0x00007fb444033000 JavaThread "SCR Component Actor" daemon [_thread_blocked, id=58471, stack(0x00007fb484e82000,0x00007fb484f83000)]
  0x00007fb444240800 JavaThread "Worker-JM" [_thread_blocked, id=58479, stack(0x00007fb4377ed000,0x00007fb4378ee000)]
  0x00007fb44452f000 JavaThread "Java indexing" daemon [_thread_blocked, id=58500, stack(0x00007fb4369e5000,0x00007fb436ae6000)]
  0x00007fb4a0607800 JavaThread "pool-2-thread-1" [_thread_blocked, id=58512, stack(0x00007fb4362e0000,0x00007fb4363e1000)]
  0x00007fb4a06c4000 JavaThread "pool-1-thread-1" [_thread_blocked, id=58513, stack(0x00007fb436ae6000,0x00007fb436be7000)]
  0x00007fb4201a8800 JavaThread "Bundle File Closer" daemon [_thread_blocked, id=58524, stack(0x00007fb435bdd000,0x00007fb435cde000)]
  0x00007fb3d43b4000 JavaThread "Java Debug Server" daemon [_thread_in_native, id=59333, stack(0x00007fb3ea57d000,0x00007fb3ea67e000)]
  0x00007fb3c48ed800 JavaThread "RxSchedulerPurge-1" daemon [_thread_blocked, id=59336, stack(0x00007fb434947000,0x00007fb434a48000)]
  0x00007fb3c458d800 JavaThread "RxCachedWorkerPoolEvictor-1" daemon [_thread_blocked, id=59337, stack(0x00007fb3e9e7a000,0x00007fb3e9f7b000)]
  0x00007fb470009800 JavaThread "Keep-Alive-SocketCleaner" daemon [_thread_blocked, id=62291, stack(0x00007fb3ea87e000,0x00007fb3ea97f000)]
  0x00007fb408002000 JavaThread "process reaper" daemon [_thread_in_native, id=74181, stack(0x00007fb4a4051000,0x00007fb4a4073000)]
  0x00007fb3d0b52000 JavaThread "pool-3-thread-3" [_thread_in_native, id=75018, stack(0x00007fb4372e8000,0x00007fb4373e9000)]
  0x00007fb39006a800 JavaThread "RxNewThreadScheduler-5" daemon [_thread_blocked, id=75019, stack(0x00007fb3e8b6f000,0x00007fb3e8c70000)]
  0x00007fb38c12a800 JavaThread "Thread-10" daemon [_thread_blocked, id=75021, stack(0x00007fb437cee000,0x00007fb437def000)]
  0x00007fb38c12b800 JavaThread "Debuggee Stdout Handler" daemon [_thread_in_native, id=75022, stack(0x00007fb434646000,0x00007fb434747000)]
  0x00007fb38c12c800 JavaThread "Debuggee Stderr Handler" daemon [_thread_in_native, id=75023, stack(0x00007fb436fe7000,0x00007fb4370e8000)]
  0x00007fb3fc0e4800 JavaThread "RxNewThreadScheduler-6" daemon [_thread_blocked, id=75055, stack(0x00007fb3e8f71000,0x00007fb3e9072000)]
  0x00007fb3c81b4000 JavaThread "Worker-51: Publish Diagnostics" [_thread_blocked, id=75625, stack(0x00007fb435048000,0x00007fb435149000)]
  0x00007fb4180a9800 JavaThread "ForkJoinPool.commonPool-worker-1" daemon [_thread_blocked, id=77022, stack(0x00007fb3e8268000,0x00007fb3e8369000)]
  0x00007fb418036000 JavaThread "ForkJoinPool.commonPool-worker-3" daemon [_thread_blocked, id=77025, stack(0x00007fb3e9575000,0x00007fb3e9676000)]
  0x00007fb3c8018800 JavaThread "Worker-57" [_thread_blocked, id=77034, stack(0x00007fb3e9f7b000,0x00007fb3ea07c000)]
  0x00007fb408003800 JavaThread "process reaper" daemon [_thread_blocked, id=77375, stack(0x00007fb484054000,0x00007fb484076000)]
  0x00007fb3b400e800 JavaThread "Worker-59" [_thread_blocked, id=77388, stack(0x00007fb435149000,0x00007fb43524a000)]
  0x00007fb4180d2800 JavaThread "ForkJoinPool.commonPool-worker-5" daemon [_thread_blocked, id=77402, stack(0x00007fb3e9878000,0x00007fb3e9979000)]
  0x00007fb40024b800 JavaThread "Worker-60" [_thread_blocked, id=77412, stack(0x00007fb434545000,0x00007fb434646000)]
  0x00007fb4180d1800 JavaThread "ForkJoinPool.commonPool-worker-7" daemon [_thread_blocked, id=77433, stack(0x00007fb3e876b000,0x00007fb3e886c000)]
  0x00007fb41811e800 JavaThread "ForkJoinPool.commonPool-worker-9" daemon [_thread_blocked, id=77437, stack(0x00007fb4358dc000,0x00007fb4359dd000)]

Other Threads:
=>0x00007fb4a0200800 VMThread "VM Thread" [stack: 0x00007fb485a75000,0x00007fb485b75000] [id=58401]
  0x00007fb4a035e000 WatcherThread [stack: 0x00007fb484c81000,0x00007fb484d81000] [id=58415]
  0x00007fb4a002e800 GCTaskThread "GC Thread#0" [stack: 0x00007fb4a5ad1000,0x00007fb4a5bd1000] [id=58399]
  0x00007fb478005000 GCTaskThread "GC Thread#1" [stack: 0x00007fb48427c000,0x00007fb48437c000] [id=58468]
  0x00007fb478006800 GCTaskThread "GC Thread#2" [stack: 0x00007fb48417a000,0x00007fb48427a000] [id=58469]
  0x00007fb478008000 GCTaskThread "GC Thread#3" [stack: 0x00007fb484078000,0x00007fb484178000] [id=58470]
  0x00007fb47800a000 GCTaskThread "GC Thread#4" [stack: 0x00007fb4374ed000,0x00007fb4375ed000] [id=58485]
  0x00007fb47800b800 GCTaskThread "GC Thread#5" [stack: 0x00007fb4373eb000,0x00007fb4374eb000] [id=58486]
  0x00007fb478013000 GCTaskThread "GC Thread#6" [stack: 0x00007fb4366e5000,0x00007fb4367e5000] [id=58501]
  0x00007fb478014000 GCTaskThread "GC Thread#7" [stack: 0x00007fb4365e3000,0x00007fb4366e3000] [id=58502]

Threads with active compile tasks:
C2 CompilerThread0  7584528 22930       4       org.eclipse.core.runtime.Path::toString (213 bytes)

VM state:at safepoint (normal execution)

VM Mutex/Monitor currently owned by a thread:  ([mutex/lock_event])
[0x00007fb4a0012410] Threads_lock - owner thread: 0x00007fb4a0200800
[0x00007fb4a0012c50] Heap_lock - owner thread: 0x00007fb3c81b4000

Heap address: 0x00000000c0000000, size: 1024 MB, Compressed Oops mode: 32-bit
Narrow klass base: 0x0000000000000000, Narrow klass shift: 3
Compressed class space size: 1073741824 Address: 0x0000000100000000

Heap:
 PSYoungGen      total 3584K, used 436K [0x00000000eab00000, 0x00000000eb000000, 0x0000000100000000)
  eden space 2560K, 0% used [0x00000000eab00000,0x00000000eab00000,0x00000000ead80000)
  from space 1024K, 42% used [0x00000000ead80000,0x00000000eaded200,0x00000000eae80000)
  to   space 1024K, 0% used [0x00000000eaf00000,0x00000000eaf00000,0x00000000eb000000)
 ParOldGen       total 259584K, used 259508K [0x00000000c0000000, 0x00000000cfd80000, 0x00000000eab00000)
  object space 259584K, 99% used [0x00000000c0000000,0x00000000cfd6d200,0x00000000cfd80000)
 Metaspace       used 93048K, capacity 96636K, committed 96944K, reserved 1136640K
  class space    used 8765K, capacity 10081K, committed 10160K, reserved 1048576K

Card table byte_map: [0x00007fb4a5f3b000,0x00007fb4a613c000] _byte_map_base: 0x00007fb4a593b000

Marking Bits: (ParMarkBitMap*) 0x00007fb4a79a7460
 Begin Bits: [0x00007fb48657f000, 0x00007fb48757f000)
 End Bits:   [0x00007fb48757f000, 0x00007fb48857f000)

Polling page: 0x00007fb4a7c16000

Metaspace:

Usage:
  Non-class:     84.53 MB capacity,    82.31 MB ( 97%) used,     2.01 MB (  2%) free+waste,   209.94 KB ( <1%) overhead. 
      Class:      9.84 MB capacity,     8.56 MB ( 87%) used,     1.20 MB ( 12%) free+waste,    83.19 KB ( <1%) overhead. 
       Both:     94.37 MB capacity,    90.87 MB ( 96%) used,     3.22 MB (  3%) free+waste,   293.12 KB ( <1%) overhead. 

Virtual space:
  Non-class space:       86.00 MB reserved,      84.75 MB ( 99%) committed 
      Class space:        1.00 GB reserved,       9.92 MB ( <1%) committed 
             Both:        1.08 GB reserved,      94.67 MB (  9%) committed 

Chunk freelists:
   Non-Class:  101.00 KB
       Class:  5.00 KB
        Both:  106.00 KB

MaxMetaspaceSize: unlimited
CompressedClassSpaceSize: 1.00 GB

CodeHeap 'non-profiled nmethods': size=120028Kb used=20099Kb max_used=20142Kb free=99928Kb
 bounds [0x00007fb490048000, 0x00007fb4913f8000, 0x00007fb49757f000]
CodeHeap 'profiled nmethods': size=120028Kb used=39369Kb max_used=39369Kb free=80658Kb
 bounds [0x00007fb488b11000, 0x00007fb48b191000, 0x00007fb490048000]
CodeHeap 'non-nmethods': size=5704Kb used=1408Kb max_used=1500Kb free=4295Kb
 bounds [0x00007fb48857f000, 0x00007fb4887ef000, 0x00007fb488b11000]
 total_blobs=17940 nmethods=17212 adapters=637
 compilation: enabled
              stopped_count=0, restarted_count=0
 full_count=0

Compilation events (20 events):
Event: 7558.575 Thread 0x00007fb4a0232000 nmethod 22917 0x00007fb490655610 code [0x00007fb490655900, 0x00007fb490656778]
Event: 7558.575 Thread 0x00007fb4a0232000 22918       4       org.eclipse.jdt.internal.core.JavaElement::getHandleIdentifier (5 bytes)
Event: 7558.581 Thread 0x00007fb4a0232000 nmethod 22918 0x00007fb490654910 code [0x00007fb490654b00, 0x00007fb490655308]
Event: 7574.750 Thread 0x00007fb4a0234000 22920       3       org.eclipse.jdt.ls.core.internal.managers.MavenBuildSupport::isBuildFile (61 bytes)
Event: 7574.750 Thread 0x00007fb4a0234000 nmethod 22920 0x00007fb48b187790 code [0x00007fb48b1879a0, 0x00007fb48b1880a0]
Event: 7583.814 Thread 0x00007fb4a0234000 22921       3       org.eclipse.jdt.ls.core.internal.handlers.DocumentSymbolHandler$$Lambda$386/0x00000001007c9040::test (8 bytes)
Event: 7583.815 Thread 0x00007fb4a0234000 nmethod 22921 0x00007fb48b188290 code [0x00007fb48b188440, 0x00007fb48b1886d0]
Event: 7583.845 Thread 0x00007fb4a0234000 22922       3       org.eclipse.jdt.internal.compiler.lookup.BinaryTypeBinding::maybeSortedMemberTypes (55 bytes)
Event: 7583.845 Thread 0x00007fb4a0234000 nmethod 22922 0x00007fb48b188790 code [0x00007fb48b188940, 0x00007fb48b188bc0]
Event: 7584.252 Thread 0x00007fb4a0232000 22923       4       org.eclipse.jdt.internal.compiler.ast.TypeReference::internalResolveType (394 bytes)
Event: 7584.252 Thread 0x00007fb4a0234000 22924       3       org.eclipse.jdt.internal.compiler.ast.SingleNameReference::nullStatus (35 bytes)
Event: 7584.253 Thread 0x00007fb4a0234000 nmethod 22924 0x00007fb48b188d10 code [0x00007fb48b188ec0, 0x00007fb48b189220]
Event: 7584.275 Thread 0x00007fb4a0234000 22927       3       org.eclipse.jdt.internal.compiler.lookup.WildcardBinding::genericTypeSignature (84 bytes)
Event: 7584.275 Thread 0x00007fb4a0234000 nmethod 22927 0x00007fb48b189310 code [0x00007fb48b1894e0, 0x00007fb48b1898f0]
Event: 7584.286 Thread 0x00007fb4a0234000 22928       3       org.eclipse.jdt.internal.compiler.flow.UnconditionalFlowInfo::resetAssignmentInfo (14 bytes)
Event: 7584.286 Thread 0x00007fb4a0234000 nmethod 22928 0x00007fb48aa3ed90 code [0x00007fb48aa3ef20, 0x00007fb48aa3f060]
Event: 7584.286 Thread 0x00007fb4a0234000 22929       3       org.eclipse.jdt.internal.compiler.flow.UnconditionalFlowInfo::resetAssignmentInfo (106 bytes)
Event: 7584.286 Thread 0x00007fb4a0234000 nmethod 22929 0x00007fb48b189a90 code [0x00007fb48b189c40, 0x00007fb48b189fb0]
Event: 7584.304 Thread 0x00007fb4a0232000 nmethod 22923 0x00007fb490650e90 code [0x00007fb490651440, 0x00007fb4906532e0]
Event: 7584.304 Thread 0x00007fb4a0232000 22930       4       org.eclipse.core.runtime.Path::toString (213 bytes)

GC Heap History (20 events):
Event: 7584.249 GC heap after
{Heap after GC invocations=4003 (full 107):
 PSYoungGen      total 2560K, used 288K [0x00000000eab00000, 0x00000000eae00000, 0x0000000100000000)
  eden space 2048K, 0% used [0x00000000eab00000,0x00000000eab00000,0x00000000ead00000)
  from space 512K, 56% used [0x00000000ead80000,0x00000000eadc8000,0x00000000eae00000)
  to   space 512K, 0% used [0x00000000ead00000,0x00000000ead00000,0x00000000ead80000)
 ParOldGen       total 259584K, used 255709K [0x00000000c0000000, 0x00000000cfd80000, 0x00000000eab00000)
  object space 259584K, 98% used [0x00000000c0000000,0x00000000cf9b7780,0x00000000cfd80000)
 Metaspace       used 93044K, capacity 96636K, committed 96944K, reserved 1136640K
  class space    used 8765K, capacity 10081K, committed 10160K, reserved 1048576K
}
Event: 7584.259 GC heap before
{Heap before GC invocations=4004 (full 107):
 PSYoungGen      total 2560K, used 2336K [0x00000000eab00000, 0x00000000eae00000, 0x0000000100000000)
  eden space 2048K, 100% used [0x00000000eab00000,0x00000000ead00000,0x00000000ead00000)
  from space 512K, 56% used [0x00000000ead80000,0x00000000eadc8000,0x00000000eae00000)
  to   space 512K, 0% used [0x00000000ead00000,0x00000000ead00000,0x00000000ead80000)
 ParOldGen       total 259584K, used 255709K [0x00000000c0000000, 0x00000000cfd80000, 0x00000000eab00000)
  object space 259584K, 98% used [0x00000000c0000000,0x00000000cf9b7780,0x00000000cfd80000)
 Metaspace       used 93046K, capacity 96636K, committed 96944K, reserved 1136640K
  class space    used 8765K, capacity 10081K, committed 10160K, reserved 1048576K
}
Event: 7584.261 GC heap after
{Heap after GC invocations=4004 (full 107):
 PSYoungGen      total 2560K, used 500K [0x00000000eab00000, 0x00000000eaf00000, 0x0000000100000000)
  eden space 2048K, 0% used [0x00000000eab00000,0x00000000eab00000,0x00000000ead00000)
  from space 512K, 97% used [0x00000000ead00000,0x00000000ead7d200,0x00000000ead80000)
  to   space 1024K, 0% used [0x00000000eae00000,0x00000000eae00000,0x00000000eaf00000)
 ParOldGen       total 259584K, used 255984K [0x00000000c0000000, 0x00000000cfd80000, 0x00000000eab00000)
  object space 259584K, 98% used [0x00000000c0000000,0x00000000cf9fc090,0x00000000cfd80000)
 Metaspace       used 93046K, capacity 96636K, committed 96944K, reserved 1136640K
  class space    used 8765K, capacity 10081K, committed 10160K, reserved 1048576K
}
Event: 7584.268 GC heap before
{Heap before GC invocations=4005 (full 107):
 PSYoungGen      total 2560K, used 2548K [0x00000000eab00000, 0x00000000eaf00000, 0x0000000100000000)
  eden space 2048K, 100% used [0x00000000eab00000,0x00000000ead00000,0x00000000ead00000)
  from space 512K, 97% used [0x00000000ead00000,0x00000000ead7d200,0x00000000ead80000)
  to   space 1024K, 0% used [0x00000000eae00000,0x00000000eae00000,0x00000000eaf00000)
 ParOldGen       total 259584K, used 255984K [0x00000000c0000000, 0x00000000cfd80000, 0x00000000eab00000)
  object space 259584K, 98% used [0x00000000c0000000,0x00000000cf9fc090,0x00000000cfd80000)
 Metaspace       used 93046K, capacity 96636K, committed 96944K, reserved 1136640K
  class space    used 8765K, capacity 10081K, committed 10160K, reserved 1048576K
}
Event: 7584.269 GC heap after
{Heap after GC invocations=4005 (full 107):
 PSYoungGen      total 3072K, used 544K [0x00000000eab00000, 0x00000000eaf80000, 0x0000000100000000)
  eden space 2048K, 0% used [0x00000000eab00000,0x00000000eab00000,0x00000000ead00000)
  from space 1024K, 53% used [0x00000000eae00000,0x00000000eae88000,0x00000000eaf00000)
  to   space 1024K, 0% used [0x00000000ead00000,0x00000000ead00000,0x00000000eae00000)
 ParOldGen       total 259584K, used 256478K [0x00000000c0000000, 0x00000000cfd80000, 0x00000000eab00000)
  object space 259584K, 98% used [0x00000000c0000000,0x00000000cfa77ba0,0x00000000cfd80000)
 Metaspace       used 93046K, capacity 96636K, committed 96944K, reserved 1136640K
  class space    used 8765K, capacity 10081K, committed 10160K, reserved 1048576K
}
Event: 7584.276 GC heap before
{Heap before GC invocations=4006 (full 107):
 PSYoungGen      total 3072K, used 2592K [0x00000000eab00000, 0x00000000eaf80000, 0x0000000100000000)
  eden space 2048K, 100% used [0x00000000eab00000,0x00000000ead00000,0x00000000ead00000)
  from space 1024K, 53% used [0x00000000eae00000,0x00000000eae88000,0x00000000eaf00000)
  to   space 1024K, 0% used [0x00000000ead00000,0x00000000ead00000,0x00000000eae00000)
 ParOldGen       total 259584K, used 256478K [0x00000000c0000000, 0x00000000cfd80000, 0x00000000eab00000)
  object space 259584K, 98% used [0x00000000c0000000,0x00000000cfa77ba0,0x00000000cfd80000)
 Metaspace       used 93047K, capacity 96636K, committed 96944K, reserved 1136640K
  class space    used 8765K, capacity 10081K, committed 10160K, reserved 1048576K
}
Event: 7584.278 GC heap after
{Heap after GC invocations=4006 (full 107):
 PSYoungGen      total 3072K, used 538K [0x00000000eab00000, 0x00000000eaf80000, 0x0000000100000000)
  eden space 2048K, 0% used [0x00000000eab00000,0x00000000eab00000,0x00000000ead00000)
  from space 1024K, 52% used [0x00000000ead00000,0x00000000ead86900,0x00000000eae00000)
  to   space 1024K, 0% used [0x00000000eae80000,0x00000000eae80000,0x00000000eaf80000)
 ParOldGen       total 259584K, used 256974K [0x00000000c0000000, 0x00000000cfd80000, 0x00000000eab00000)
  object space 259584K, 98% used [0x00000000c0000000,0x00000000cfaf3ba0,0x00000000cfd80000)
 Metaspace       used 93047K, capacity 96636K, committed 96944K, reserved 1136640K
  class space    used 8765K, capacity 10081K, committed 10160K, reserved 1048576K
}
Event: 7584.281 GC heap before
{Heap before GC invocations=4007 (full 107):
 PSYoungGen      total 3072K, used 2586K [0x00000000eab00000, 0x00000000eaf80000, 0x0000000100000000)
  eden space 2048K, 100% used [0x00000000eab00000,0x00000000ead00000,0x00000000ead00000)
  from space 1024K, 52% used [0x00000000ead00000,0x00000000ead86900,0x00000000eae00000)
  to   space 1024K, 0% used [0x00000000eae80000,0x00000000eae80000,0x00000000eaf80000)
 ParOldGen       total 259584K, used 256974K [0x00000000c0000000, 0x00000000cfd80000, 0x00000000eab00000)
  object space 259584K, 98% used [0x00000000c0000000,0x00000000cfaf3ba0,0x00000000cfd80000)
 Metaspace       used 93047K, capacity 96636K, committed 96944K, reserved 1136640K
  class space    used 8765K, capacity 10081K, committed 10160K, reserved 1048576K
}
Event: 7584.283 GC heap after
{Heap after GC invocations=4007 (full 107):
 PSYoungGen      total 3584K, used 544K [0x00000000eab00000, 0x00000000eaf80000, 0x0000000100000000)
  eden space 2560K, 0% used [0x00000000eab00000,0x00000000eab00000,0x00000000ead80000)
  from space 1024K, 53% used [0x00000000eae80000,0x00000000eaf08000,0x00000000eaf80000)
  to   space 1024K, 0% used [0x00000000ead80000,0x00000000ead80000,0x00000000eae80000)
 ParOldGen       total 259584K, used 257395K [0x00000000c0000000, 0x00000000cfd80000, 0x00000000eab00000)
  object space 259584K, 99% used [0x00000000c0000000,0x00000000cfb5cdc0,0x00000000cfd80000)
 Metaspace       used 93047K, capacity 96636K, committed 96944K, reserved 1136640K
  class space    used 8765K, capacity 10081K, committed 10160K, reserved 1048576K
}
Event: 7584.288 GC heap before
{Heap before GC invocations=4008 (full 107):
 PSYoungGen      total 3584K, used 3104K [0x00000000eab00000, 0x00000000eaf80000, 0x0000000100000000)
  eden space 2560K, 100% used [0x00000000eab00000,0x00000000ead80000,0x00000000ead80000)
  from space 1024K, 53% used [0x00000000eae80000,0x00000000eaf08000,0x00000000eaf80000)
  to   space 1024K, 0% used [0x00000000ead80000,0x00000000ead80000,0x00000000eae80000)
 ParOldGen       total 259584K, used 257395K [0x00000000c0000000, 0x00000000cfd80000, 0x00000000eab00000)
  object space 259584K, 99% used [0x00000000c0000000,0x00000000cfb5cdc0,0x00000000cfd80000)
 Metaspace       used 93048K, capacity 96636K, committed 96944K, reserved 1136640K
  class space    used 8765K, capacity 10081K, committed 10160K, reserved 1048576K
}
Event: 7584.289 GC heap after
{Heap after GC invocations=4008 (full 107):
 PSYoungGen      total 3584K, used 644K [0x00000000eab00000, 0x00000000eb000000, 0x0000000100000000)
  eden space 2560K, 0% used [0x00000000eab00000,0x00000000eab00000,0x00000000ead80000)
  from space 1024K, 62% used [0x00000000ead80000,0x00000000eae21210,0x00000000eae80000)
  to   space 1024K, 0% used [0x00000000eaf00000,0x00000000eaf00000,0x00000000eb000000)
 ParOldGen       total 259584K, used 257915K [0x00000000c0000000, 0x00000000cfd80000, 0x00000000eab00000)
  object space 259584K, 99% used [0x00000000c0000000,0x00000000cfbdedc0,0x00000000cfd80000)
 Metaspace       used 93048K, capacity 96636K, committed 96944K, reserved 1136640K
  class space    used 8765K, capacity 10081K, committed 10160K, reserved 1048576K
}
Event: 7584.293 GC heap before
{Heap before GC invocations=4009 (full 107):
 PSYoungGen      total 3584K, used 3204K [0x00000000eab00000, 0x00000000eb000000, 0x0000000100000000)
  eden space 2560K, 100% used [0x00000000eab00000,0x00000000ead80000,0x00000000ead80000)
  from space 1024K, 62% used [0x00000000ead80000,0x00000000eae21210,0x00000000eae80000)
  to   space 1024K, 0% used [0x00000000eaf00000,0x00000000eaf00000,0x00000000eb000000)
 ParOldGen       total 259584K, used 257915K [0x00000000c0000000, 0x00000000cfd80000, 0x00000000eab00000)
  object space 259584K, 99% used [0x00000000c0000000,0x00000000cfbdedc0,0x00000000cfd80000)
 Metaspace       used 93048K, capacity 96636K, committed 96944K, reserved 1136640K
  class space    used 8765K, capacity 10081K, committed 10160K, reserved 1048576K
}
Event: 7584.296 GC heap after
{Heap after GC invocations=4009 (full 107):
 PSYoungGen      total 3072K, used 996K [0x00000000eab00000, 0x00000000eb200000, 0x0000000100000000)
  eden space 2048K, 0% used [0x00000000eab00000,0x00000000eab00000,0x00000000ead00000)
  from space 1024K, 97% used [0x00000000eaf00000,0x00000000eaff9210,0x00000000eb000000)
  to   space 2048K, 0% used [0x00000000ead00000,0x00000000ead00000,0x00000000eaf00000)
 ParOldGen       total 259584K, used 258423K [0x00000000c0000000, 0x00000000cfd80000, 0x00000000eab00000)
  object space 259584K, 99% used [0x00000000c0000000,0x00000000cfc5dfe0,0x00000000cfd80000)
 Metaspace       used 93048K, capacity 96636K, committed 96944K, reserved 1136640K
  class space    used 8765K, capacity 10081K, committed 10160K, reserved 1048576K
}
Event: 7584.299 GC heap before
{Heap before GC invocations=4010 (full 107):
 PSYoungGen      total 3072K, used 3044K [0x00000000eab00000, 0x00000000eb200000, 0x0000000100000000)
  eden space 2048K, 100% used [0x00000000eab00000,0x00000000ead00000,0x00000000ead00000)
  from space 1024K, 97% used [0x00000000eaf00000,0x00000000eaff9210,0x00000000eb000000)
  to   space 2048K, 0% used [0x00000000ead00000,0x00000000ead00000,0x00000000eaf00000)
 ParOldGen       total 259584K, used 258423K [0x00000000c0000000, 0x00000000cfd80000, 0x00000000eab00000)
  object space 259584K, 99% used [0x00000000c0000000,0x00000000cfc5dfe0,0x00000000cfd80000)
 Metaspace       used 93048K, capacity 96636K, committed 96944K, reserved 1136640K
  class space    used 8765K, capacity 10081K, committed 10160K, reserved 1048576K
}
Event: 7584.301 GC heap after
{Heap after GC invocations=4010 (full 107):
 PSYoungGen      total 2560K, used 192K [0x00000000eab00000, 0x00000000eaf80000, 0x0000000100000000)
  eden space 2048K, 0% used [0x00000000eab00000,0x00000000eab00000,0x00000000ead00000)
  from space 512K, 37% used [0x00000000ead00000,0x00000000ead30000,0x00000000ead80000)
  to   space 1024K, 0% used [0x00000000eae80000,0x00000000eae80000,0x00000000eaf80000)
 ParOldGen       total 259584K, used 258871K [0x00000000c0000000, 0x00000000cfd80000, 0x00000000eab00000)
  object space 259584K, 99% used [0x00000000c0000000,0x00000000cfccdfe0,0x00000000cfd80000)
 Metaspace       used 93048K, capacity 96636K, committed 96944K, reserved 1136640K
  class space    used 8765K, capacity 10081K, committed 10160K, reserved 1048576K
}
Event: 7584.305 GC heap before
{Heap before GC invocations=4011 (full 107):
 PSYoungGen      total 2560K, used 2240K [0x00000000eab00000, 0x00000000eaf80000, 0x0000000100000000)
  eden space 2048K, 100% used [0x00000000eab00000,0x00000000ead00000,0x00000000ead00000)
  from space 512K, 37% used [0x00000000ead00000,0x00000000ead30000,0x00000000ead80000)
  to   space 1024K, 0% used [0x00000000eae80000,0x00000000eae80000,0x00000000eaf80000)
 ParOldGen       total 259584K, used 258871K [0x00000000c0000000, 0x00000000cfd80000, 0x00000000eab00000)
  object space 259584K, 99% used [0x00000000c0000000,0x00000000cfccdfe0,0x00000000cfd80000)
 Metaspace       used 93048K, capacity 96636K, committed 96944K, reserved 1136640K
  class space    used 8765K, capacity 10081K, committed 10160K, reserved 1048576K
}
Event: 7584.306 GC heap after
{Heap after GC invocations=4011 (full 107):
 PSYoungGen      total 3584K, used 714K [0x00000000eab00000, 0x00000000eaf80000, 0x0000000100000000)
  eden space 2560K, 0% used [0x00000000eab00000,0x00000000eab00000,0x00000000ead80000)
  from space 1024K, 69% used [0x00000000eae80000,0x00000000eaf32910,0x00000000eaf80000)
  to   space 1024K, 0% used [0x00000000ead80000,0x00000000ead80000,0x00000000eae80000)
 ParOldGen       total 259584K, used 258895K [0x00000000c0000000, 0x00000000cfd80000, 0x00000000eab00000)
  object space 259584K, 99% used [0x00000000c0000000,0x00000000cfcd3fe0,0x00000000cfd80000)
 Metaspace       used 93048K, capacity 96636K, committed 96944K, reserved 1136640K
  class space    used 8765K, capacity 10081K, committed 10160K, reserved 1048576K
}
Event: 7584.310 GC heap before
{Heap before GC invocations=4012 (full 107):
 PSYoungGen      total 3584K, used 3274K [0x00000000eab00000, 0x00000000eaf80000, 0x0000000100000000)
  eden space 2560K, 100% used [0x00000000eab00000,0x00000000ead80000,0x00000000ead80000)
  from space 1024K, 69% used [0x00000000eae80000,0x00000000eaf32910,0x00000000eaf80000)
  to   space 1024K, 0% used [0x00000000ead80000,0x00000000ead80000,0x00000000eae80000)
 ParOldGen       total 259584K, used 258895K [0x00000000c0000000, 0x00000000cfd80000, 0x00000000eab00000)
  object space 259584K, 99% used [0x00000000c0000000,0x00000000cfcd3fe0,0x00000000cfd80000)
 Metaspace       used 93048K, capacity 96636K, committed 96944K, reserved 1136640K
  class space    used 8765K, capacity 10081K, committed 10160K, reserved 1048576K
}
Event: 7584.312 GC heap after
{Heap after GC invocations=4012 (full 107):
 PSYoungGen      total 3584K, used 436K [0x00000000eab00000, 0x00000000eb000000, 0x0000000100000000)
  eden space 2560K, 0% used [0x00000000eab00000,0x00000000eab00000,0x00000000ead80000)
  from space 1024K, 42% used [0x00000000ead80000,0x00000000eaded200,0x00000000eae80000)
  to   space 1024K, 0% used [0x00000000eaf00000,0x00000000eaf00000,0x00000000eb000000)
 ParOldGen       total 259584K, used 259508K [0x00000000c0000000, 0x00000000cfd80000, 0x00000000eab00000)
  object space 259584K, 99% used [0x00000000c0000000,0x00000000cfd6d200,0x00000000cfd80000)
 Metaspace       used 93048K, capacity 96636K, committed 96944K, reserved 1136640K
  class space    used 8765K, capacity 10081K, committed 10160K, reserved 1048576K
}
Event: 7584.312 GC heap before
{Heap before GC invocations=4013 (full 108):
 PSYoungGen      total 3584K, used 436K [0x00000000eab00000, 0x00000000eb000000, 0x0000000100000000)
  eden space 2560K, 0% used [0x00000000eab00000,0x00000000eab00000,0x00000000ead80000)
  from space 1024K, 42% used [0x00000000ead80000,0x00000000eaded200,0x00000000eae80000)
  to   space 1024K, 0% used [0x00000000eaf00000,0x00000000eaf00000,0x00000000eb000000)
 ParOldGen       total 259584K, used 259508K [0x00000000c0000000, 0x00000000cfd80000, 0x00000000eab00000)
  object space 259584K, 99% used [0x00000000c0000000,0x00000000cfd6d200,0x00000000cfd80000)
 Metaspace       used 93048K, capacity 96636K, committed 96944K, reserved 1136640K
  class space    used 8765K, capacity 10081K, committed 10160K, reserved 1048576K
}

Deoptimization events (20 events):
Event: 7380.762 Thread 0x00007fb3c81b4000 Uncommon trap: trap_request=0xffffff45 fr.pc=0x00007fb490c83fac relative=0x000000000000048c
Event: 7380.762 Thread 0x00007fb3c81b4000 Uncommon trap: reason=unstable_if action=reinterpret pc=0x00007fb490c83fac method=org.eclipse.core.internal.dtree.AbstractDataTreeNode.simplifyWithParent([Lorg/eclipse/core/internal/dtree/AbstractDataTreeNode;Lorg/eclipse/core/runtime/IPath;Lorg/eclipse/c
Event: 7380.762 Thread 0x00007fb3c81b4000 DEOPT PACKING pc=0x00007fb490c83fac sp=0x00007fb4351468b0
Event: 7380.762 Thread 0x00007fb3c81b4000 DEOPT UNPACKING pc=0x00007fb4885c7e25 sp=0x00007fb4351467e0 mode 2
Event: 7380.762 Thread 0x00007fb3c81b4000 Uncommon trap: trap_request=0xffffff45 fr.pc=0x00007fb490c83fac relative=0x000000000000048c
Event: 7380.762 Thread 0x00007fb3c81b4000 Uncommon trap: reason=unstable_if action=reinterpret pc=0x00007fb490c83fac method=org.eclipse.core.internal.dtree.AbstractDataTreeNode.simplifyWithParent([Lorg/eclipse/core/internal/dtree/AbstractDataTreeNode;Lorg/eclipse/core/runtime/IPath;Lorg/eclipse/c
Event: 7380.762 Thread 0x00007fb3c81b4000 DEOPT PACKING pc=0x00007fb490c83fac sp=0x00007fb435146920
Event: 7380.762 Thread 0x00007fb3c81b4000 DEOPT UNPACKING pc=0x00007fb4885c7e25 sp=0x00007fb435146850 mode 2
Event: 7380.762 Thread 0x00007fb3c81b4000 Uncommon trap: trap_request=0xffffff45 fr.pc=0x00007fb490f2e368 relative=0x0000000000000368
Event: 7380.762 Thread 0x00007fb3c81b4000 Uncommon trap: reason=unstable_if action=reinterpret pc=0x00007fb490f2e368 method=org.eclipse.core.internal.dtree.AbstractDataTreeNode.simplifyWithParent([Lorg/eclipse/core/internal/dtree/AbstractDataTreeNode;Lorg/eclipse/core/runtime/IPath;Lorg/eclipse/c
Event: 7380.762 Thread 0x00007fb3c81b4000 DEOPT PACKING pc=0x00007fb490f2e368 sp=0x00007fb435146870
Event: 7380.762 Thread 0x00007fb3c81b4000 DEOPT UNPACKING pc=0x00007fb4885c7e25 sp=0x00007fb435146840 mode 2
Event: 7380.799 Thread 0x00007fb3c81b4000 Uncommon trap: trap_request=0xffffff45 fr.pc=0x00007fb490fc6708 relative=0x00000000000000c8
Event: 7380.799 Thread 0x00007fb3c81b4000 Uncommon trap: reason=unstable_if action=reinterpret pc=0x00007fb490fc6708 method=org.eclipse.sisu.inject.MildKeys$Weak.equals(Ljava/lang/Object;)Z @ 13 c2
Event: 7380.799 Thread 0x00007fb3c81b4000 DEOPT PACKING pc=0x00007fb490fc6708 sp=0x00007fb4351466d0
Event: 7380.799 Thread 0x00007fb3c81b4000 DEOPT UNPACKING pc=0x00007fb4885c7e25 sp=0x00007fb435146688 mode 2
Event: 7439.634 Thread 0x00007fb4a06c4000 DEOPT PACKING pc=0x00007fb48967e506 sp=0x00007fb436be4410
Event: 7439.634 Thread 0x00007fb4a06c4000 DEOPT UNPACKING pc=0x00007fb4885c833a sp=0x00007fb436be38e0 mode 0
Event: 7483.131 Thread 0x00007fb3b400e800 DEOPT PACKING pc=0x00007fb48b11a281 sp=0x00007fb4352477a0
Event: 7483.131 Thread 0x00007fb3b400e800 DEOPT UNPACKING pc=0x00007fb4885c833a sp=0x00007fb435246ef8 mode 0

Classes unloaded (20 events):
Event: 5447.831 Thread 0x00007fb4a0200800 Unloading class 0x0000000100345840 'jdk/internal/reflect/GeneratedSerializationConstructorAccessor18'
Event: 5447.831 Thread 0x00007fb4a0200800 Unloading class 0x0000000100345440 'jdk/internal/reflect/GeneratedSerializationConstructorAccessor17'
Event: 5447.831 Thread 0x00007fb4a0200800 Unloading class 0x0000000100345040 'jdk/internal/reflect/GeneratedSerializationConstructorAccessor16'
Event: 5447.831 Thread 0x00007fb4a0200800 Unloading class 0x0000000100344c40 'jdk/internal/reflect/GeneratedSerializationConstructorAccessor15'
Event: 5447.831 Thread 0x00007fb4a0200800 Unloading class 0x0000000100344840 'jdk/internal/reflect/GeneratedSerializationConstructorAccessor14'
Event: 5447.831 Thread 0x00007fb4a0200800 Unloading class 0x0000000100344440 'jdk/internal/reflect/GeneratedSerializationConstructorAccessor13'
Event: 5447.831 Thread 0x00007fb4a0200800 Unloading class 0x0000000100344040 'jdk/internal/reflect/GeneratedMethodAccessor8'
Event: 5447.831 Thread 0x00007fb4a0200800 Unloading class 0x0000000100343c40 'jdk/internal/reflect/GeneratedMethodAccessor7'
Event: 5447.831 Thread 0x00007fb4a0200800 Unloading class 0x0000000100343840 'jdk/internal/reflect/GeneratedSerializationConstructorAccessor12'
Event: 5447.831 Thread 0x00007fb4a0200800 Unloading class 0x0000000100343440 'jdk/internal/reflect/GeneratedSerializationConstructorAccessor11'
Event: 5447.831 Thread 0x00007fb4a0200800 Unloading class 0x0000000100343040 'jdk/internal/reflect/GeneratedSerializationConstructorAccessor10'
Event: 5447.831 Thread 0x00007fb4a0200800 Unloading class 0x0000000100342c40 'jdk/internal/reflect/GeneratedSerializationConstructorAccessor9'
Event: 5447.831 Thread 0x00007fb4a0200800 Unloading class 0x0000000100342840 'jdk/internal/reflect/GeneratedSerializationConstructorAccessor8'
Event: 5447.831 Thread 0x00007fb4a0200800 Unloading class 0x0000000100342440 'jdk/internal/reflect/GeneratedSerializationConstructorAccessor7'
Event: 5447.831 Thread 0x00007fb4a0200800 Unloading class 0x0000000100342040 'jdk/internal/reflect/GeneratedSerializationConstructorAccessor6'
Event: 5447.831 Thread 0x00007fb4a0200800 Unloading class 0x0000000100341c40 'jdk/internal/reflect/GeneratedSerializationConstructorAccessor5'
Event: 5447.831 Thread 0x00007fb4a0200800 Unloading class 0x0000000100341840 'jdk/internal/reflect/GeneratedSerializationConstructorAccessor4'
Event: 5447.831 Thread 0x00007fb4a0200800 Unloading class 0x0000000100341440 'jdk/internal/reflect/GeneratedSerializationConstructorAccessor3'
Event: 5447.831 Thread 0x00007fb4a0200800 Unloading class 0x0000000100341040 'jdk/internal/reflect/GeneratedSerializationConstructorAccessor2'
Event: 5447.831 Thread 0x00007fb4a0200800 Unloading class 0x0000000100340c40 'jdk/internal/reflect/GeneratedSerializationConstructorAccessor1'

Classes redefined (0 events):
No events

Internal exceptions (20 events):
Event: 7574.925 Thread 0x00007fb3c81b4000 Implicit null exception at 0x00007fb48a5b225f to 0x00007fb48a5b740a
Event: 7574.925 Thread 0x00007fb3c81b4000 Exception <a 'java/lang/NullPointerException'{0x00000000eac37d30}> (0x00000000eac37d30) 
thrown [src/hotspot/share/runtime/sharedRuntime.cpp, line 584]
Event: 7574.925 Thread 0x00007fb3c81b4000 Implicit null exception at 0x00007fb48a5b225f to 0x00007fb48a5b740a
Event: 7574.925 Thread 0x00007fb3c81b4000 Exception <a 'java/lang/NullPointerException'{0x00000000eac38010}> (0x00000000eac38010) 
thrown [src/hotspot/share/runtime/sharedRuntime.cpp, line 584]
Event: 7574.925 Thread 0x00007fb3c81b4000 Implicit null exception at 0x00007fb48a5b225f to 0x00007fb48a5b740a
Event: 7574.925 Thread 0x00007fb3c81b4000 Exception <a 'java/lang/NullPointerException'{0x00000000eac382f0}> (0x00000000eac382f0) 
thrown [src/hotspot/share/runtime/sharedRuntime.cpp, line 584]
Event: 7579.944 Thread 0x00007fb3c81b4000 Implicit null exception at 0x00007fb48a5b225f to 0x00007fb48a5b740a
Event: 7579.944 Thread 0x00007fb3c81b4000 Exception <a 'java/lang/NullPointerException'{0x00000000eab60ba0}> (0x00000000eab60ba0) 
thrown [src/hotspot/share/runtime/sharedRuntime.cpp, line 584]
Event: 7579.944 Thread 0x00007fb3c81b4000 Implicit null exception at 0x00007fb48a5b225f to 0x00007fb48a5b740a
Event: 7579.944 Thread 0x00007fb3c81b4000 Exception <a 'java/lang/NullPointerException'{0x00000000eab60e80}> (0x00000000eab60e80) 
thrown [src/hotspot/share/runtime/sharedRuntime.cpp, line 584]
Event: 7579.944 Thread 0x00007fb3c81b4000 Implicit null exception at 0x00007fb48a5b225f to 0x00007fb48a5b740a
Event: 7579.944 Thread 0x00007fb3c81b4000 Exception <a 'java/lang/NullPointerException'{0x00000000eab61160}> (0x00000000eab61160) 
thrown [src/hotspot/share/runtime/sharedRuntime.cpp, line 584]
Event: 7579.944 Thread 0x00007fb3c81b4000 Implicit null exception at 0x00007fb48a5b225f to 0x00007fb48a5b740a
Event: 7579.944 Thread 0x00007fb3c81b4000 Exception <a 'java/lang/NullPointerException'{0x00000000eab61820}> (0x00000000eab61820) 
thrown [src/hotspot/share/runtime/sharedRuntime.cpp, line 584]
Event: 7579.944 Thread 0x00007fb3c81b4000 Implicit null exception at 0x00007fb48a5b225f to 0x00007fb48a5b740a
Event: 7579.944 Thread 0x00007fb3c81b4000 Exception <a 'java/lang/NullPointerException'{0x00000000eab61b00}> (0x00000000eab61b00) 
thrown [src/hotspot/share/runtime/sharedRuntime.cpp, line 584]
Event: 7579.944 Thread 0x00007fb3c81b4000 Implicit null exception at 0x00007fb48a5b225f to 0x00007fb48a5b740a
Event: 7579.944 Thread 0x00007fb3c81b4000 Exception <a 'java/lang/NullPointerException'{0x00000000eab61de0}> (0x00000000eab61de0) 
thrown [src/hotspot/share/runtime/sharedRuntime.cpp, line 584]
Event: 7583.770 Thread 0x00007fb4180d1800 Exception <a 'java/lang/ArrayIndexOutOfBoundsException'{0x00000000eab6c088}> (0x00000000eab6c088) 
thrown [src/hotspot/share/runtime/sharedRuntime.cpp, line 584]
Event: 7583.770 Thread 0x00007fb4180d1800 Exception <a 'java/lang/ArrayIndexOutOfBoundsException'{0x00000000eab6c3a8}> (0x00000000eab6c3a8) 
thrown [src/hotspot/share/runtime/sharedRuntime.cpp, line 584]

Events (20 events):
Event: 7584.235 Executing VM operation: ParallelGCFailedAllocation done
Event: 7584.244 Executing VM operation: ParallelGCFailedAllocation
Event: 7584.249 Executing VM operation: ParallelGCFailedAllocation done
Event: 7584.259 Executing VM operation: ParallelGCFailedAllocation
Event: 7584.261 Executing VM operation: ParallelGCFailedAllocation done
Event: 7584.267 Executing VM operation: ParallelGCFailedAllocation
Event: 7584.269 Executing VM operation: ParallelGCFailedAllocation done
Event: 7584.276 Executing VM operation: ParallelGCFailedAllocation
Event: 7584.278 Executing VM operation: ParallelGCFailedAllocation done
Event: 7584.281 Executing VM operation: ParallelGCFailedAllocation
Event: 7584.283 Executing VM operation: ParallelGCFailedAllocation done
Event: 7584.288 Executing VM operation: ParallelGCFailedAllocation
Event: 7584.289 Executing VM operation: ParallelGCFailedAllocation done
Event: 7584.293 Executing VM operation: ParallelGCFailedAllocation
Event: 7584.296 Executing VM operation: ParallelGCFailedAllocation done
Event: 7584.299 Executing VM operation: ParallelGCFailedAllocation
Event: 7584.301 Executing VM operation: ParallelGCFailedAllocation done
Event: 7584.305 Executing VM operation: ParallelGCFailedAllocation
Event: 7584.306 Executing VM operation: ParallelGCFailedAllocation done
Event: 7584.310 Executing VM operation: ParallelGCFailedAllocation


Dynamic libraries:
c0000000-cfd80000 rw-p 00000000 00:00 0 
cfd80000-eab00000 ---p 00000000 00:00 0 
eab00000-eb000000 rw-p 00000000 00:00 0 
eb000000-100000000 ---p 00000000 00:00 0 
100000000-1009ec000 rw-p 00000000 00:00 0 
1009ec000-140000000 ---p 00000000 00:00 0 
55cd49f80000-55cd49f81000 r--p 00000000 08:07 535430                     /usr/lib/jvm/java-14-openjdk/bin/java
55cd49f81000-55cd49f82000 r-xp 00001000 08:07 535430                     /usr/lib/jvm/java-14-openjdk/bin/java
55cd49f82000-55cd49f83000 r--p 00002000 08:07 535430                     /usr/lib/jvm/java-14-openjdk/bin/java
55cd49f83000-55cd49f84000 r--p 00002000 08:07 535430                     /usr/lib/jvm/java-14-openjdk/bin/java
55cd49f84000-55cd49f85000 rw-p 00003000 08:07 535430                     /usr/lib/jvm/java-14-openjdk/bin/java
55cd4ba37000-55cd4ba58000 rw-p 00000000 00:00 0                          [heap]
7fb374000000-7fb376061000 rw-p 00000000 00:00 0 
7fb376061000-7fb378000000 ---p 00000000 00:00 0 
7fb378000000-7fb37a635000 rw-p 00000000 00:00 0 
7fb37a635000-7fb37c000000 ---p 00000000 00:00 0 
7fb37c000000-7fb37c230000 rw-p 00000000 00:00 0 
7fb37c230000-7fb380000000 ---p 00000000 00:00 0 
7fb380000000-7fb38024d000 rw-p 00000000 00:00 0 
7fb38024d000-7fb384000000 ---p 00000000 00:00 0 
7fb384000000-7fb38426d000 rw-p 00000000 00:00 0 
7fb38426d000-7fb388000000 ---p 00000000 00:00 0 
7fb388000000-7fb388446000 rw-p 00000000 00:00 0 
7fb388446000-7fb38c000000 ---p 00000000 00:00 0 
7fb38c000000-7fb38eb7e000 rw-p 00000000 00:00 0 
7fb38eb7e000-7fb390000000 ---p 00000000 00:00 0 
7fb390000000-7fb391138000 rw-p 00000000 00:00 0 
7fb391138000-7fb394000000 ---p 00000000 00:00 0 
7fb394000000-7fb39502b000 rw-p 00000000 00:00 0 
7fb39502b000-7fb398000000 ---p 00000000 00:00 0 
7fb398000000-7fb39838b000 rw-p 00000000 00:00 0 
7fb39838b000-7fb39c000000 ---p 00000000 00:00 0 
7fb39c000000-7fb39c45e000 rw-p 00000000 00:00 0 
7fb39c45e000-7fb3a0000000 ---p 00000000 00:00 0 
7fb3a0000000-7fb3a140f000 rw-p 00000000 00:00 0 
7fb3a140f000-7fb3a4000000 ---p 00000000 00:00 0 
7fb3a4000000-7fb3a4167000 rw-p 00000000 00:00 0 
7fb3a4167000-7fb3a8000000 ---p 00000000 00:00 0 
7fb3a8000000-7fb3a8048000 rw-p 00000000 00:00 0 
7fb3a8048000-7fb3ac000000 ---p 00000000 00:00 0 
7fb3ac000000-7fb3ac04e000 rw-p 00000000 00:00 0 
7fb3ac04e000-7fb3b0000000 ---p 00000000 00:00 0 
7fb3b0000000-7fb3b02ac000 rw-p 00000000 00:00 0 
7fb3b02ac000-7fb3b4000000 ---p 00000000 00:00 0 
7fb3b4000000-7fb3b4104000 rw-p 00000000 00:00 0 
7fb3b4104000-7fb3b8000000 ---p 00000000 00:00 0 
7fb3b8000000-7fb3b807b000 rw-p 00000000 00:00 0 
7fb3b807b000-7fb3bc000000 ---p 00000000 00:00 0 
7fb3bc000000-7fb3bc02b000 rw-p 00000000 00:00 0 
7fb3bc02b000-7fb3c0000000 ---p 00000000 00:00 0 
7fb3c3e00000-7fb3c3ec0000 rw-p 00000000 00:00 0 
7fb3c3ec0000-7fb3c4000000 ---p 00000000 00:00 0 
7fb3c4000000-7fb3c5a97000 rw-p 00000000 00:00 0 
7fb3c5a97000-7fb3c8000000 ---p 00000000 00:00 0 
7fb3c8000000-7fb3c99de000 rw-p 00000000 00:00 0 
7fb3c99de000-7fb3cc000000 ---p 00000000 00:00 0 
7fb3cc000000-7fb3ce4ae000 rw-p 00000000 00:00 0 
7fb3ce4ae000-7fb3d0000000 ---p 00000000 00:00 0 
7fb3d0000000-7fb3d2959000 rw-p 00000000 00:00 0 
7fb3d2959000-7fb3d4000000 ---p 00000000 00:00 0 
7fb3d4000000-7fb3d44d5000 rw-p 00000000 00:00 0 
7fb3d44d5000-7fb3d8000000 ---p 00000000 00:00 0 
7fb3d8000000-7fb3d8343000 rw-p 00000000 00:00 0 
7fb3d8343000-7fb3dc000000 ---p 00000000 00:00 0 
7fb3dc000000-7fb3de4f1000 rw-p 00000000 00:00 0 
7fb3de4f1000-7fb3e0000000 ---p 00000000 00:00 0 
7fb3e0000000-7fb3e0dab000 rw-p 00000000 00:00 0 
7fb3e0dab000-7fb3e4000000 ---p 00000000 00:00 0 
7fb3e4000000-7fb3e410f000 rw-p 00000000 00:00 0 
7fb3e410f000-7fb3e8000000 ---p 00000000 00:00 0 
7fb3e8068000-7fb3e8268000 rw-p 00000000 00:00 0 
7fb3e8268000-7fb3e826c000 ---p 00000000 00:00 0 
7fb3e826c000-7fb3e8369000 rw-p 00000000 00:00 0 
7fb3e8369000-7fb3e836d000 ---p 00000000 00:00 0 
7fb3e836d000-7fb3e846a000 rw-p 00000000 00:00 0 
7fb3e846a000-7fb3e846e000 ---p 00000000 00:00 0 
7fb3e846e000-7fb3e876b000 rw-p 00000000 00:00 0 
7fb3e876b000-7fb3e876f000 ---p 00000000 00:00 0 
7fb3e876f000-7fb3e886c000 rw-p 00000000 00:00 0 
7fb3e886c000-7fb3e8870000 ---p 00000000 00:00 0 
7fb3e8870000-7fb3e896d000 rw-p 00000000 00:00 0 
7fb3e896d000-7fb3e8971000 ---p 00000000 00:00 0 
7fb3e8971000-7fb3e8a6e000 rw-p 00000000 00:00 0 
7fb3e8a6e000-7fb3e8a72000 ---p 00000000 00:00 0 
7fb3e8a72000-7fb3e8b6f000 rw-p 00000000 00:00 0 
7fb3e8b6f000-7fb3e8b73000 ---p 00000000 00:00 0 
7fb3e8b73000-7fb3e8e70000 rw-p 00000000 00:00 0 
7fb3e8e70000-7fb3e8e74000 ---p 00000000 00:00 0 
7fb3e8e74000-7fb3e8f71000 rw-p 00000000 00:00 0 
7fb3e8f71000-7fb3e8f75000 ---p 00000000 00:00 0 
7fb3e8f75000-7fb3e9072000 rw-p 00000000 00:00 0 
7fb3e9072000-7fb3e9076000 ---p 00000000 00:00 0 
7fb3e9076000-7fb3e9173000 rw-p 00000000 00:00 0 
7fb3e9173000-7fb3e9177000 ---p 00000000 00:00 0 
7fb3e9177000-7fb3e9474000 rw-p 00000000 00:00 0 
7fb3e9474000-7fb3e9478000 ---p 00000000 00:00 0 
7fb3e9478000-7fb3e9575000 rw-p 00000000 00:00 0 
7fb3e9575000-7fb3e9579000 ---p 00000000 00:00 0 
7fb3e9579000-7fb3e9676000 rw-p 00000000 00:00 0 
7fb3e9676000-7fb3e967a000 ---p 00000000 00:00 0 
7fb3e967a000-7fb3e9777000 rw-p 00000000 00:00 0 
7fb3e9777000-7fb3e977b000 ---p 00000000 00:00 0 
7fb3e977b000-7fb3e9878000 rw-p 00000000 00:00 0 
7fb3e9878000-7fb3e987c000 ---p 00000000 00:00 0 
7fb3e987c000-7fb3e9979000 rw-p 00000000 00:00 0 
7fb3e9979000-7fb3e997d000 ---p 00000000 00:00 0 
7fb3e997d000-7fb3e9c7a000 rw-p 00000000 00:00 0 
7fb3e9c7a000-7fb3e9e7a000 rw-p 00000000 00:00 0 
7fb3e9e7a000-7fb3e9e7e000 ---p 00000000 00:00 0 
7fb3e9e7e000-7fb3e9f7b000 rw-p 00000000 00:00 0 
7fb3e9f7b000-7fb3e9f7f000 ---p 00000000 00:00 0 
7fb3e9f7f000-7fb3ea27c000 rw-p 00000000 00:00 0 
7fb3ea27c000-7fb3ea280000 ---p 00000000 00:00 0 
7fb3ea280000-7fb3ea57d000 rw-p 00000000 00:00 0 
7fb3ea57d000-7fb3ea581000 ---p 00000000 00:00 0 
7fb3ea581000-7fb3ea87e000 rw-p 00000000 00:00 0 
7fb3ea87e000-7fb3ea882000 ---p 00000000 00:00 0 
7fb3ea882000-7fb3eab7f000 rw-p 00000000 00:00 0 
7fb3eab7f000-7fb3ead7f000 rw-p 00000000 00:00 0 
7fb3ead7f000-7fb3eaf7f000 rw-p 00000000 00:00 0 
7fb3eaf7f000-7fb3eb17f000 rw-p 00000000 00:00 0 
7fb3eb17f000-7fb3eb37f000 rw-p 00000000 00:00 0 
7fb3eb37f000-7fb3eb57f000 rw-p 00000000 00:00 0 
7fb3eb57f000-7fb3f4000000 r--s 00000000 08:07 535558                     /usr/lib/jvm/java-14-openjdk/lib/modules
7fb3f4000000-7fb3f4b66000 rw-p 00000000 00:00 0 
7fb3f4b66000-7fb3f8000000 ---p 00000000 00:00 0 
7fb3f8000000-7fb3f8088000 rw-p 00000000 00:00 0 
7fb3f8088000-7fb3fc000000 ---p 00000000 00:00 0 
7fb3fc000000-7fb3fe16b000 rw-p 00000000 00:00 0 
7fb3fe16b000-7fb400000000 ---p 00000000 00:00 0 
7fb400000000-7fb40120b000 rw-p 00000000 00:00 0 
7fb40120b000-7fb404000000 ---p 00000000 00:00 0 
7fb404000000-7fb404194000 rw-p 00000000 00:00 0 
7fb404194000-7fb408000000 ---p 00000000 00:00 0 
7fb408000000-7fb408021000 rw-p 00000000 00:00 0 
7fb408021000-7fb40c000000 ---p 00000000 00:00 0 
7fb40c000000-7fb40c026000 rw-p 00000000 00:00 0 
7fb40c026000-7fb410000000 ---p 00000000 00:00 0 
7fb410000000-7fb4100cc000 rw-p 00000000 00:00 0 
7fb4100cc000-7fb414000000 ---p 00000000 00:00 0 
7fb414000000-7fb416440000 rw-p 00000000 00:00 0 
7fb416440000-7fb418000000 ---p 00000000 00:00 0 
7fb418000000-7fb41815e000 rw-p 00000000 00:00 0 
7fb41815e000-7fb41c000000 ---p 00000000 00:00 0 
7fb41c000000-7fb41c0e0000 rw-p 00000000 00:00 0 
7fb41c0e0000-7fb420000000 ---p 00000000 00:00 0 
7fb420000000-7fb4207cb000 rw-p 00000000 00:00 0 
7fb4207cb000-7fb424000000 ---p 00000000 00:00 0 
7fb424000000-7fb424021000 rw-p 00000000 00:00 0 
7fb424021000-7fb428000000 ---p 00000000 00:00 0 
7fb428000000-7fb428021000 rw-p 00000000 00:00 0 
7fb428021000-7fb42c000000 ---p 00000000 00:00 0 
7fb42c000000-7fb42c338000 rw-p 00000000 00:00 0 
7fb42c338000-7fb430000000 ---p 00000000 00:00 0 
7fb430000000-7fb43003a000 rw-p 00000000 00:00 0 
7fb43003a000-7fb434000000 ---p 00000000 00:00 0 
7fb434044000-7fb434048000 ---p 00000000 00:00 0 
7fb434048000-7fb434345000 rw-p 00000000 00:00 0 
7fb434345000-7fb434545000 rw-p 00000000 00:00 0 
7fb434545000-7fb434549000 ---p 00000000 00:00 0 
7fb434549000-7fb434646000 rw-p 00000000 00:00 0 
7fb434646000-7fb43464a000 ---p 00000000 00:00 0 
7fb43464a000-7fb434947000 rw-p 00000000 00:00 0 
7fb434947000-7fb43494b000 ---p 00000000 00:00 0 
7fb43494b000-7fb434c48000 rw-p 00000000 00:00 0 
7fb434c48000-7fb434e48000 rw-p 00000000 00:00 0 
7fb434e48000-7fb435048000 rw-p 00000000 00:00 0 
7fb435048000-7fb43504c000 ---p 00000000 00:00 0 
7fb43504c000-7fb435149000 rw-p 00000000 00:00 0 
7fb435149000-7fb43514d000 ---p 00000000 00:00 0 
7fb43514d000-7fb43544a000 rw-p 00000000 00:00 0 
7fb43544a000-7fb43564a000 rw-p 00000000 00:00 0 
7fb43564a000-7fb435650000 r--p 00000000 08:07 3820073                    /usr/lib/libnss_resolve.so.2
7fb435650000-7fb43567e000 r-xp 00006000 08:07 3820073                    /usr/lib/libnss_resolve.so.2
7fb43567e000-7fb43568e000 r--p 00034000 08:07 3820073                    /usr/lib/libnss_resolve.so.2
7fb43568e000-7fb435691000 r--p 00043000 08:07 3820073                    /usr/lib/libnss_resolve.so.2
7fb435691000-7fb435692000 rw-p 00046000 08:07 3820073                    /usr/lib/libnss_resolve.so.2
7fb435692000-7fb435693000 rw-p 00000000 00:00 0 
7fb435693000-7fb435699000 r--p 00000000 08:07 3820054                    /usr/lib/libnss_mymachines.so.2
7fb435699000-7fb4356c7000 r-xp 00006000 08:07 3820054                    /usr/lib/libnss_mymachines.so.2
7fb4356c7000-7fb4356d7000 r--p 00034000 08:07 3820054                    /usr/lib/libnss_mymachines.so.2
7fb4356d7000-7fb4356da000 r--p 00043000 08:07 3820054                    /usr/lib/libnss_mymachines.so.2
7fb4356da000-7fb4356db000 rw-p 00046000 08:07 3820054                    /usr/lib/libnss_mymachines.so.2
7fb4356db000-7fb4358dc000 rw-p 00000000 00:00 0 
7fb4358dc000-7fb4358e0000 ---p 00000000 00:00 0 
7fb4358e0000-7fb435bdd000 rw-p 00000000 00:00 0 
7fb435bdd000-7fb435be1000 ---p 00000000 00:00 0 
7fb435be1000-7fb435cde000 rw-p 00000000 00:00 0 
7fb435cde000-7fb435ce2000 ---p 00000000 00:00 0 
7fb435ce2000-7fb435ddf000 rw-p 00000000 00:00 0 
7fb435ddf000-7fb435de3000 ---p 00000000 00:00 0 
7fb435de3000-7fb4360e0000 rw-p 00000000 00:00 0 
7fb4360e0000-7fb4362e0000 rw-p 00000000 00:00 0 
7fb4362e0000-7fb4362e4000 ---p 00000000 00:00 0 
7fb4362e4000-7fb4365e1000 rw-p 00000000 00:00 0 
7fb4365e1000-7fb4365e2000 ---p 00000000 00:00 0 
7fb4365e2000-7fb4366e3000 rw-p 00000000 00:00 0 
7fb4366e3000-7fb4366e4000 ---p 00000000 00:00 0 
7fb4366e4000-7fb4369e5000 rw-p 00000000 00:00 0 
7fb4369e5000-7fb4369e9000 ---p 00000000 00:00 0 
7fb4369e9000-7fb436ae6000 rw-p 00000000 00:00 0 
7fb436ae6000-7fb436aea000 ---p 00000000 00:00 0 
7fb436aea000-7fb436de7000 rw-p 00000000 00:00 0 
7fb436de7000-7fb436fe7000 rw-p 00000000 00:00 0 
7fb436fe7000-7fb436feb000 ---p 00000000 00:00 0 
7fb436feb000-7fb4372e8000 rw-p 00000000 00:00 0 
7fb4372e8000-7fb4372ec000 ---p 00000000 00:00 0 
7fb4372ec000-7fb4373e9000 rw-p 00000000 00:00 0 
7fb4373e9000-7fb4373ea000 ---p 00000000 00:00 0 
7fb4373ea000-7fb4374eb000 rw-p 00000000 00:00 0 
7fb4374eb000-7fb4374ec000 ---p 00000000 00:00 0 
7fb4374ec000-7fb4377ed000 rw-p 00000000 00:00 0 
7fb4377ed000-7fb4377f1000 ---p 00000000 00:00 0 
7fb4377f1000-7fb437aee000 rw-p 00000000 00:00 0 
7fb437aee000-7fb437cee000 rw-p 00000000 00:00 0 
7fb437cee000-7fb437cf2000 ---p 00000000 00:00 0 
7fb437cf2000-7fb437def000 rw-p 00000000 00:00 0 
7fb437def000-7fb437dff000 r-xp 00000000 08:08 18618489                   /home/anshul/.config/Code/User/globalStorage/redhat.java/0.69.0/config_linux/org.eclipse.equinox.launcher/org.eclipse.equinox.launcher.gtk.linux.x86_64_1.1.1300.v20200819-0940/eclipse_11103.so
7fb437dff000-7fb437ffe000 ---p 00010000 08:08 18618489                   /home/anshul/.config/Code/User/globalStorage/redhat.java/0.69.0/config_linux/org.eclipse.equinox.launcher/org.eclipse.equinox.launcher.gtk.linux.x86_64_1.1.1300.v20200819-0940/eclipse_11103.so
7fb437ffe000-7fb437fff000 r--p 0000f000 08:08 18618489                   /home/anshul/.config/Code/User/globalStorage/redhat.java/0.69.0/config_linux/org.eclipse.equinox.launcher/org.eclipse.equinox.launcher.gtk.linux.x86_64_1.1.1300.v20200819-0940/eclipse_11103.so
7fb437fff000-7fb438000000 rw-p 00010000 08:08 18618489                   /home/anshul/.config/Code/User/globalStorage/redhat.java/0.69.0/config_linux/org.eclipse.equinox.launcher/org.eclipse.equinox.launcher.gtk.linux.x86_64_1.1.1300.v20200819-0940/eclipse_11103.so
7fb438000000-7fb4380de000 rw-p 00000000 00:00 0 
7fb4380de000-7fb43c000000 ---p 00000000 00:00 0 
7fb43c000000-7fb43c021000 rw-p 00000000 00:00 0 
7fb43c021000-7fb440000000 ---p 00000000 00:00 0 
7fb440000000-7fb440021000 rw-p 00000000 00:00 0 
7fb440021000-7fb444000000 ---p 00000000 00:00 0 
7fb444000000-7fb4448ef000 rw-p 00000000 00:00 0 
7fb4448ef000-7fb448000000 ---p 00000000 00:00 0 
7fb448000000-7fb4496fa000 rw-p 00000000 00:00 0 
7fb4496fa000-7fb44c000000 ---p 00000000 00:00 0 
7fb44c000000-7fb44c021000 rw-p 00000000 00:00 0 
7fb44c021000-7fb450000000 ---p 00000000 00:00 0 
7fb450000000-7fb450021000 rw-p 00000000 00:00 0 
7fb450021000-7fb454000000 ---p 00000000 00:00 0 
7fb454000000-7fb454021000 rw-p 00000000 00:00 0 
7fb454021000-7fb458000000 ---p 00000000 00:00 0 
7fb458000000-7fb458021000 rw-p 00000000 00:00 0 
7fb458021000-7fb45c000000 ---p 00000000 00:00 0 
7fb45c000000-7fb45c54b000 rw-p 00000000 00:00 0 
7fb45c54b000-7fb460000000 ---p 00000000 00:00 0 
7fb460000000-7fb460de1000 rw-p 00000000 00:00 0 
7fb460de1000-7fb464000000 ---p 00000000 00:00 0 
7fb464000000-7fb464571000 rw-p 00000000 00:00 0 
7fb464571000-7fb468000000 ---p 00000000 00:00 0 
7fb468000000-7fb468021000 rw-p 00000000 00:00 0 
7fb468021000-7fb46c000000 ---p 00000000 00:00 0 
7fb46c000000-7fb46fffd000 rw-p 00000000 00:00 0 
7fb46fffd000-7fb470000000 ---p 00000000 00:00 0 
7fb470000000-7fb470021000 rw-p 00000000 00:00 0 
7fb470021000-7fb474000000 ---p 00000000 00:00 0 
7fb474000000-7fb474021000 rw-p 00000000 00:00 0 
7fb474021000-7fb478000000 ---p 00000000 00:00 0 
7fb478000000-7fb47820d000 rw-p 00000000 00:00 0 
7fb47820d000-7fb47c000000 ---p 00000000 00:00 0 
7fb47c000000-7fb47c021000 rw-p 00000000 00:00 0 
7fb47c021000-7fb480000000 ---p 00000000 00:00 0 
7fb480000000-7fb4800f7000 rw-p 00000000 00:00 0 
7fb4800f7000-7fb484000000 ---p 00000000 00:00 0 
7fb484024000-7fb484028000 r--p 00000000 08:07 3816586                    /usr/lib/libresolv-2.32.so
7fb484028000-7fb484036000 r-xp 00004000 08:07 3816586                    /usr/lib/libresolv-2.32.so
7fb484036000-7fb484039000 r--p 00012000 08:07 3816586                    /usr/lib/libresolv-2.32.so
7fb484039000-7fb48403a000 ---p 00015000 08:07 3816586                    /usr/lib/libresolv-2.32.so
7fb48403a000-7fb48403b000 r--p 00015000 08:07 3816586                    /usr/lib/libresolv-2.32.so
7fb48403b000-7fb48403c000 rw-p 00016000 08:07 3816586                    /usr/lib/libresolv-2.32.so
7fb48403c000-7fb48403e000 rw-p 00000000 00:00 0 
7fb484054000-7fb484058000 ---p 00000000 00:00 0 
7fb484058000-7fb484076000 rw-p 00000000 00:00 0 
7fb484076000-7fb484077000 ---p 00000000 00:00 0 
7fb484077000-7fb484178000 rw-p 00000000 00:00 0 
7fb484178000-7fb484179000 ---p 00000000 00:00 0 
7fb484179000-7fb48427a000 rw-p 00000000 00:00 0 
7fb48427a000-7fb48427b000 ---p 00000000 00:00 0 
7fb48427b000-7fb48437c000 rw-p 00000000 00:00 0 
7fb48437c000-7fb484380000 ---p 00000000 00:00 0 
7fb484380000-7fb48447d000 rw-p 00000000 00:00 0 
7fb48447d000-7fb484481000 ---p 00000000 00:00 0 
7fb484481000-7fb48477e000 rw-p 00000000 00:00 0 
7fb48477e000-7fb484782000 ---p 00000000 00:00 0 
7fb484782000-7fb484a7f000 rw-p 00000000 00:00 0 
7fb484a7f000-7fb484c7f000 rw-p 00000000 00:00 0 
7fb484c7f000-7fb484c80000 ---p 00000000 00:00 0 
7fb484c80000-7fb484d81000 rw-p 00000000 00:00 0 
7fb484d81000-7fb484d85000 ---p 00000000 00:00 0 
7fb484d85000-7fb484e82000 rw-p 00000000 00:00 0 
7fb484e82000-7fb484e86000 ---p 00000000 00:00 0 
7fb484e86000-7fb484f83000 rw-p 00000000 00:00 0 
7fb484f83000-7fb484f87000 ---p 00000000 00:00 0 
7fb484f87000-7fb485084000 rw-p 00000000 00:00 0 
7fb485084000-7fb485088000 ---p 00000000 00:00 0 
7fb485088000-7fb485185000 rw-p 00000000 00:00 0 
7fb485185000-7fb485189000 ---p 00000000 00:00 0 
7fb485189000-7fb485286000 rw-p 00000000 00:00 0 
7fb485286000-7fb48528a000 ---p 00000000 00:00 0 
7fb48528a000-7fb485387000 rw-p 00000000 00:00 0 
7fb485387000-7fb48538b000 ---p 00000000 00:00 0 
7fb48538b000-7fb485488000 rw-p 00000000 00:00 0 
7fb485488000-7fb48548c000 ---p 00000000 00:00 0 
7fb48548c000-7fb485589000 rw-p 00000000 00:00 0 
7fb485589000-7fb485871000 r--p 00000000 08:07 3817268                    /usr/lib/locale/locale-archive
7fb485871000-7fb485875000 ---p 00000000 00:00 0 
7fb485875000-7fb485972000 rw-p 00000000 00:00 0 
7fb485972000-7fb485976000 ---p 00000000 00:00 0 
7fb485976000-7fb485a73000 rw-p 00000000 00:00 0 
7fb485a73000-7fb485a74000 ---p 00000000 00:00 0 
7fb485a74000-7fb48857f000 rw-p 00000000 00:00 0 
7fb48857f000-7fb4887ef000 rwxp 00000000 00:00 0 
7fb4887ef000-7fb488b11000 ---p 00000000 00:00 0 
7fb488b11000-7fb48b191000 rwxp 00000000 00:00 0 
7fb48b191000-7fb490048000 ---p 00000000 00:00 0 
7fb490048000-7fb4913f8000 rwxp 00000000 00:00 0 
7fb4913f8000-7fb49757f000 ---p 00000000 00:00 0 
7fb49757f000-7fb4a0000000 r--s 00000000 08:07 535558                     /usr/lib/jvm/java-14-openjdk/lib/modules
7fb4a0000000-7fb4a06c7000 rw-p 00000000 00:00 0 
7fb4a06c7000-7fb4a4000000 ---p 00000000 00:00 0 
7fb4a4001000-7fb4a4002000 r--p 00000000 08:07 535489                     /usr/lib/jvm/java-14-openjdk/lib/libextnet.so
7fb4a4002000-7fb4a4003000 r-xp 00001000 08:07 535489                     /usr/lib/jvm/java-14-openjdk/lib/libextnet.so
7fb4a4003000-7fb4a4004000 r--p 00002000 08:07 535489                     /usr/lib/jvm/java-14-openjdk/lib/libextnet.so
7fb4a4004000-7fb4a4005000 r--p 00002000 08:07 535489                     /usr/lib/jvm/java-14-openjdk/lib/libextnet.so
7fb4a4005000-7fb4a4006000 rw-p 00003000 08:07 535489                     /usr/lib/jvm/java-14-openjdk/lib/libextnet.so
7fb4a4006000-7fb4a4008000 r--p 00000000 08:07 3815051                    /usr/lib/libnss_dns-2.32.so
7fb4a4008000-7fb4a400c000 r-xp 00002000 08:07 3815051                    /usr/lib/libnss_dns-2.32.so
7fb4a400c000-7fb4a400d000 r--p 00006000 08:07 3815051                    /usr/lib/libnss_dns-2.32.so
7fb4a400d000-7fb4a400e000 r--p 00006000 08:07 3815051                    /usr/lib/libnss_dns-2.32.so
7fb4a400e000-7fb4a400f000 rw-p 00007000 08:07 3815051                    /usr/lib/libnss_dns-2.32.so
7fb4a400f000-7fb4a4017000 r--p 00000000 08:07 535551                     /usr/lib/jvm/java-14-openjdk/lib/libsunec.so
7fb4a4017000-7fb4a4030000 r-xp 00008000 08:07 535551                     /usr/lib/jvm/java-14-openjdk/lib/libsunec.so
7fb4a4030000-7fb4a403a000 r--p 00021000 08:07 535551                     /usr/lib/jvm/java-14-openjdk/lib/libsunec.so
7fb4a403a000-7fb4a403b000 ---p 0002b000 08:07 535551                     /usr/lib/jvm/java-14-openjdk/lib/libsunec.so
7fb4a403b000-7fb4a403f000 r--p 0002b000 08:07 535551                     /usr/lib/jvm/java-14-openjdk/lib/libsunec.so
7fb4a403f000-7fb4a4041000 rw-p 0002f000 08:07 535551                     /usr/lib/jvm/java-14-openjdk/lib/libsunec.so
7fb4a4041000-7fb4a4045000 r--p 00000000 08:07 535554                     /usr/lib/jvm/java-14-openjdk/lib/libverify.so
7fb4a4045000-7fb4a404c000 r-xp 00004000 08:07 535554                     /usr/lib/jvm/java-14-openjdk/lib/libverify.so
7fb4a404c000-7fb4a404e000 r--p 0000b000 08:07 535554                     /usr/lib/jvm/java-14-openjdk/lib/libverify.so
7fb4a404e000-7fb4a4050000 r--p 0000c000 08:07 535554                     /usr/lib/jvm/java-14-openjdk/lib/libverify.so
7fb4a4050000-7fb4a4051000 rw-p 0000e000 08:07 535554                     /usr/lib/jvm/java-14-openjdk/lib/libverify.so
7fb4a4051000-7fb4a4055000 ---p 00000000 00:00 0 
7fb4a4055000-7fb4a4073000 rw-p 00000000 00:00 0 
7fb4a4073000-7fb4a4077000 r--p 00000000 08:07 535537                     /usr/lib/jvm/java-14-openjdk/lib/libnet.so
7fb4a4077000-7fb4a4085000 r-xp 00004000 08:07 535537                     /usr/lib/jvm/java-14-openjdk/lib/libnet.so
7fb4a4085000-7fb4a4089000 r--p 00012000 08:07 535537                     /usr/lib/jvm/java-14-openjdk/lib/libnet.so
7fb4a4089000-7fb4a408a000 r--p 00015000 08:07 535537                     /usr/lib/jvm/java-14-openjdk/lib/libnet.so
7fb4a408a000-7fb4a408b000 rw-p 00016000 08:07 535537                     /usr/lib/jvm/java-14-openjdk/lib/libnet.so
7fb4a408b000-7fb4a4092000 r--p 00000000 08:07 535540                     /usr/lib/jvm/java-14-openjdk/lib/libnio.so
7fb4a4092000-7fb4a409a000 r-xp 00007000 08:07 535540                     /usr/lib/jvm/java-14-openjdk/lib/libnio.so
7fb4a409a000-7fb4a409e000 r--p 0000f000 08:07 535540                     /usr/lib/jvm/java-14-openjdk/lib/libnio.so
7fb4a409e000-7fb4a409f000 ---p 00013000 08:07 535540                     /usr/lib/jvm/java-14-openjdk/lib/libnio.so
7fb4a409f000-7fb4a40a0000 r--p 00013000 08:07 535540                     /usr/lib/jvm/java-14-openjdk/lib/libnio.so
7fb4a40a0000-7fb4a40a1000 rw-p 00014000 08:07 535540                     /usr/lib/jvm/java-14-openjdk/lib/libnio.so
7fb4a40a1000-7fb4a5acf000 rw-p 00000000 00:00 0 
7fb4a5acf000-7fb4a5ad0000 ---p 00000000 00:00 0 
7fb4a5ad0000-7fb4a5e64000 rw-p 00000000 00:00 0 
7fb4a5e64000-7fb4a5f3b000 ---p 00000000 00:00 0 
7fb4a5f3b000-7fb4a5fba000 rw-p 00000000 00:00 0 
7fb4a5fba000-7fb4a6090000 ---p 00000000 00:00 0 
7fb4a6090000-7fb4a6093000 rw-p 00000000 00:00 0 
7fb4a6093000-7fb4a613b000 ---p 00000000 00:00 0 
7fb4a613b000-7fb4a6164000 rw-p 00000000 00:00 0 
7fb4a6164000-7fb4a6227000 ---p 00000000 00:00 0 
7fb4a6227000-7fb4a6274000 rw-p 00000000 00:00 0 
7fb4a6274000-7fb4a6312000 ---p 00000000 00:00 0 
7fb4a6312000-7fb4a6317000 rw-p 00000000 00:00 0 
7fb4a6317000-7fb4a631e000 ---p 00000000 00:00 0 
7fb4a631e000-7fb4a632b000 r--p 00000000 08:07 535509                     /usr/lib/jvm/java-14-openjdk/lib/libjava.so
7fb4a632b000-7fb4a633d000 r-xp 0000d000 08:07 535509                     /usr/lib/jvm/java-14-openjdk/lib/libjava.so
7fb4a633d000-7fb4a6343000 r--p 0001f000 08:07 535509                     /usr/lib/jvm/java-14-openjdk/lib/libjava.so
7fb4a6343000-7fb4a6344000 r--p 00024000 08:07 535509                     /usr/lib/jvm/java-14-openjdk/lib/libjava.so
7fb4a6344000-7fb4a6345000 rw-p 00025000 08:07 535509                     /usr/lib/jvm/java-14-openjdk/lib/libjava.so
7fb4a6345000-7fb4a6346000 rw-p 00000000 00:00 0 
7fb4a6346000-7fb4a634a000 ---p 00000000 00:00 0 
7fb4a634a000-7fb4a6447000 rw-p 00000000 00:00 0 
7fb4a6447000-7fb4a644a000 r--p 00000000 08:07 3805469                    /usr/lib/libgcc_s.so.1
7fb4a644a000-7fb4a645b000 r-xp 00003000 08:07 3805469                    /usr/lib/libgcc_s.so.1
7fb4a645b000-7fb4a645f000 r--p 00014000 08:07 3805469                    /usr/lib/libgcc_s.so.1
7fb4a645f000-7fb4a6460000 r--p 00017000 08:07 3805469                    /usr/lib/libgcc_s.so.1
7fb4a6460000-7fb4a6461000 rw-p 00018000 08:07 3805469                    /usr/lib/libgcc_s.so.1
7fb4a6461000-7fb4a6470000 r--p 00000000 08:07 3810031                    /usr/lib/libm-2.32.so
7fb4a6470000-7fb4a650c000 r-xp 0000f000 08:07 3810031                    /usr/lib/libm-2.32.so
7fb4a650c000-7fb4a65a5000 r--p 000ab000 08:07 3810031                    /usr/lib/libm-2.32.so
7fb4a65a5000-7fb4a65a6000 r--p 00143000 08:07 3810031                    /usr/lib/libm-2.32.so
7fb4a65a6000-7fb4a65a7000 rw-p 00144000 08:07 3810031                    /usr/lib/libm-2.32.so
7fb4a65a7000-7fb4a663d000 r--p 00000000 08:07 3817491                    /usr/lib/libstdc++.so.6.0.28
7fb4a663d000-7fb4a6729000 r-xp 00096000 08:07 3817491                    /usr/lib/libstdc++.so.6.0.28
7fb4a6729000-7fb4a6772000 r--p 00182000 08:07 3817491                    /usr/lib/libstdc++.so.6.0.28
7fb4a6772000-7fb4a6773000 ---p 001cb000 08:07 3817491                    /usr/lib/libstdc++.so.6.0.28
7fb4a6773000-7fb4a6780000 r--p 001cb000 08:07 3817491                    /usr/lib/libstdc++.so.6.0.28
7fb4a6780000-7fb4a6781000 rw-p 001d8000 08:07 3817491                    /usr/lib/libstdc++.so.6.0.28
7fb4a6781000-7fb4a6784000 rw-p 00000000 00:00 0 
7fb4a6784000-7fb4a69b1000 r--p 00000000 08:07 535572                     /usr/lib/jvm/java-14-openjdk/lib/server/libjvm.so
7fb4a69b1000-7fb4a761d000 r-xp 0022d000 08:07 535572                     /usr/lib/jvm/java-14-openjdk/lib/server/libjvm.so
7fb4a761d000-7fb4a787b000 r--p 00e99000 08:07 535572                     /usr/lib/jvm/java-14-openjdk/lib/server/libjvm.so
7fb4a787b000-7fb4a787c000 ---p 010f7000 08:07 535572                     /usr/lib/jvm/java-14-openjdk/lib/server/libjvm.so
7fb4a787c000-7fb4a7923000 r--p 010f7000 08:07 535572                     /usr/lib/jvm/java-14-openjdk/lib/server/libjvm.so
7fb4a7923000-7fb4a795c000 rw-p 0119e000 08:07 535572                     /usr/lib/jvm/java-14-openjdk/lib/server/libjvm.so
7fb4a795c000-7fb4a79df000 rw-p 00000000 00:00 0 
7fb4a79df000-7fb4a79e6000 r--p 00000000 08:07 3816531                    /usr/lib/libpthread-2.32.so
7fb4a79e6000-7fb4a79f6000 r-xp 00007000 08:07 3816531                    /usr/lib/libpthread-2.32.so
7fb4a79f6000-7fb4a79fb000 r--p 00017000 08:07 3816531                    /usr/lib/libpthread-2.32.so
7fb4a79fb000-7fb4a79fc000 r--p 0001b000 08:07 3816531                    /usr/lib/libpthread-2.32.so
7fb4a79fc000-7fb4a79fd000 rw-p 0001c000 08:07 3816531                    /usr/lib/libpthread-2.32.so
7fb4a79fd000-7fb4a7a01000 rw-p 00000000 00:00 0 
7fb4a7a01000-7fb4a7a02000 r--p 00000000 08:07 3810022                    /usr/lib/libdl-2.32.so
7fb4a7a02000-7fb4a7a04000 r-xp 00001000 08:07 3810022                    /usr/lib/libdl-2.32.so
7fb4a7a04000-7fb4a7a05000 r--p 00003000 08:07 3810022                    /usr/lib/libdl-2.32.so
7fb4a7a05000-7fb4a7a06000 r--p 00003000 08:07 3810022                    /usr/lib/libdl-2.32.so
7fb4a7a06000-7fb4a7a07000 rw-p 00004000 08:07 3810022                    /usr/lib/libdl-2.32.so
7fb4a7a07000-7fb4a7a0a000 r--p 00000000 08:07 3807349                    /usr/lib/libz.so.1.2.11
7fb4a7a0a000-7fb4a7a18000 r-xp 00003000 08:07 3807349                    /usr/lib/libz.so.1.2.11
7fb4a7a18000-7fb4a7a1e000 r--p 00011000 08:07 3807349                    /usr/lib/libz.so.1.2.11
7fb4a7a1e000-7fb4a7a1f000 ---p 00017000 08:07 3807349                    /usr/lib/libz.so.1.2.11
7fb4a7a1f000-7fb4a7a20000 r--p 00017000 08:07 3807349                    /usr/lib/libz.so.1.2.11
7fb4a7a20000-7fb4a7a21000 rw-p 00018000 08:07 3807349                    /usr/lib/libz.so.1.2.11
7fb4a7a21000-7fb4a7a47000 r--p 00000000 08:07 3810007                    /usr/lib/libc-2.32.so
7fb4a7a47000-7fb4a7b94000 r-xp 00026000 08:07 3810007                    /usr/lib/libc-2.32.so
7fb4a7b94000-7fb4a7be0000 r--p 00173000 08:07 3810007                    /usr/lib/libc-2.32.so
7fb4a7be0000-7fb4a7be3000 r--p 001be000 08:07 3810007                    /usr/lib/libc-2.32.so
7fb4a7be3000-7fb4a7be6000 rw-p 001c1000 08:07 3810007                    /usr/lib/libc-2.32.so
7fb4a7be6000-7fb4a7bea000 rw-p 00000000 00:00 0 
7fb4a7bea000-7fb4a7beb000 r--p 00000000 08:07 3817047                    /usr/lib/libnss_mdns4_minimal.so.2
7fb4a7beb000-7fb4a7bed000 r-xp 00001000 08:07 3817047                    /usr/lib/libnss_mdns4_minimal.so.2
7fb4a7bed000-7fb4a7bee000 r--p 00003000 08:07 3817047                    /usr/lib/libnss_mdns4_minimal.so.2
7fb4a7bee000-7fb4a7bef000 r--p 00003000 08:07 3817047                    /usr/lib/libnss_mdns4_minimal.so.2
7fb4a7bef000-7fb4a7bf0000 rw-p 00004000 08:07 3817047                    /usr/lib/libnss_mdns4_minimal.so.2
7fb4a7bf0000-7fb4a7bf2000 r--p 00000000 08:07 535557                     /usr/lib/jvm/java-14-openjdk/lib/libzip.so
7fb4a7bf2000-7fb4a7bf6000 r-xp 00002000 08:07 535557                     /usr/lib/jvm/java-14-openjdk/lib/libzip.so
7fb4a7bf6000-7fb4a7bf8000 r--p 00006000 08:07 535557                     /usr/lib/jvm/java-14-openjdk/lib/libzip.so
7fb4a7bf8000-7fb4a7bf9000 r--p 00007000 08:07 535557                     /usr/lib/jvm/java-14-openjdk/lib/libzip.so
7fb4a7bf9000-7fb4a7bfa000 rw-p 00008000 08:07 535557                     /usr/lib/jvm/java-14-openjdk/lib/libzip.so
7fb4a7bfa000-7fb4a7c02000 rw-s 00000000 00:33 68                         /tmp/hsperfdata_anshul/58397
7fb4a7c02000-7fb4a7c05000 r--p 00000000 08:07 3815380                    /usr/lib/libnss_files-2.32.so
7fb4a7c05000-7fb4a7c0c000 r-xp 00003000 08:07 3815380                    /usr/lib/libnss_files-2.32.so
7fb4a7c0c000-7fb4a7c0e000 r--p 0000a000 08:07 3815380                    /usr/lib/libnss_files-2.32.so
7fb4a7c0e000-7fb4a7c0f000 r--p 0000b000 08:07 3815380                    /usr/lib/libnss_files-2.32.so
7fb4a7c0f000-7fb4a7c10000 rw-p 0000c000 08:07 3815380                    /usr/lib/libnss_files-2.32.so
7fb4a7c10000-7fb4a7c16000 rw-p 00000000 00:00 0 
7fb4a7c16000-7fb4a7c17000 ---p 00000000 00:00 0 
7fb4a7c17000-7fb4a7c18000 r--p 00000000 00:00 0 
7fb4a7c18000-7fb4a7c19000 ---p 00000000 00:00 0 
7fb4a7c19000-7fb4a7c1b000 r--p 00000000 08:07 535515                     /usr/lib/jvm/java-14-openjdk/lib/libjimage.so
7fb4a7c1b000-7fb4a7c1e000 r-xp 00002000 08:07 535515                     /usr/lib/jvm/java-14-openjdk/lib/libjimage.so
7fb4a7c1e000-7fb4a7c1f000 r--p 00005000 08:07 535515                     /usr/lib/jvm/java-14-openjdk/lib/libjimage.so
7fb4a7c1f000-7fb4a7c20000 ---p 00006000 08:07 535515                     /usr/lib/jvm/java-14-openjdk/lib/libjimage.so
7fb4a7c20000-7fb4a7c21000 r--p 00006000 08:07 535515                     /usr/lib/jvm/java-14-openjdk/lib/libjimage.so
7fb4a7c21000-7fb4a7c22000 rw-p 00007000 08:07 535515                     /usr/lib/jvm/java-14-openjdk/lib/libjimage.so
7fb4a7c22000-7fb4a7c25000 r--p 00000000 08:07 535518                     /usr/lib/jvm/java-14-openjdk/lib/libjli.so
7fb4a7c25000-7fb4a7c2f000 r-xp 00003000 08:07 535518                     /usr/lib/jvm/java-14-openjdk/lib/libjli.so
7fb4a7c2f000-7fb4a7c32000 r--p 0000d000 08:07 535518                     /usr/lib/jvm/java-14-openjdk/lib/libjli.so
7fb4a7c32000-7fb4a7c33000 ---p 00010000 08:07 535518                     /usr/lib/jvm/java-14-openjdk/lib/libjli.so
7fb4a7c33000-7fb4a7c34000 r--p 00010000 08:07 535518                     /usr/lib/jvm/java-14-openjdk/lib/libjli.so
7fb4a7c34000-7fb4a7c35000 rw-p 00011000 08:07 535518                     /usr/lib/jvm/java-14-openjdk/lib/libjli.so
7fb4a7c35000-7fb4a7c37000 rw-p 00000000 00:00 0 
7fb4a7c37000-7fb4a7c39000 r--p 00000000 08:07 3809988                    /usr/lib/ld-2.32.so
7fb4a7c39000-7fb4a7c5a000 r-xp 00002000 08:07 3809988                    /usr/lib/ld-2.32.so
7fb4a7c5a000-7fb4a7c63000 r--p 00023000 08:07 3809988                    /usr/lib/ld-2.32.so
7fb4a7c63000-7fb4a7c64000 r--p 0002b000 08:07 3809988                    /usr/lib/ld-2.32.so
7fb4a7c64000-7fb4a7c66000 rw-p 0002c000 08:07 3809988                    /usr/lib/ld-2.32.so
7ffced40b000-7ffced42c000 rw-p 00000000 00:00 0                          [stack]
7ffced5e8000-7ffced5eb000 r--p 00000000 00:00 0                          [vvar]
7ffced5eb000-7ffced5ec000 r-xp 00000000 00:00 0                          [vdso]
ffffffffff600000-ffffffffff601000 --xp 00000000 00:00 0                  [vsyscall]


VM Arguments:
jvm_args: --add-modules=ALL-SYSTEM --add-opens=java.base/java.util=ALL-UNNAMED --add-opens=java.base/java.lang=ALL-UNNAMED -Declipse.application=org.eclipse.jdt.ls.core.id1 -Dosgi.bundles.defaultStartLevel=4 -Declipse.product=org.eclipse.jdt.ls.core.product -Dfile.encoding=utf8 -XX:+UseParallelGC -XX:GCTimeRatio=4 -XX:AdaptiveSizePolicyWeight=90 -Dsun.zip.disableMemoryMapping=true -Xmx1G -Xms100m 
java_command: /home/anshul/.vscode/extensions/redhat.java-0.69.0/server/plugins/org.eclipse.equinox.launcher_1.5.800.v20200727-1323.jar -configuration /home/anshul/.config/Code/User/globalStorage/redhat.java/0.69.0/config_linux -data /home/anshul/.config/Code/User/workspaceStorage/3300a8db958929ec4fffc8e102f0341b/redhat.java/jdt_ws
java_class_path (initial): /home/anshul/.vscode/extensions/redhat.java-0.69.0/server/plugins/org.eclipse.equinox.launcher_1.5.800.v20200727-1323.jar
Launcher Type: SUN_STANDARD

[Global flags]
    uintx AdaptiveSizePolicyWeight                 = 90                                        {product} {command line}
     intx CICompilerCount                          = 4                                         {product} {ergonomic}
    uintx GCTimeRatio                              = 4                                         {product} {command line}
   size_t InitialHeapSize                          = 104857600                                 {product} {command line}
   size_t MaxHeapSize                              = 1073741824                                {product} {command line}
   size_t MaxNewSize                               = 357564416                                 {product} {ergonomic}
   size_t MinHeapDeltaBytes                        = 524288                                    {product} {ergonomic}
   size_t MinHeapSize                              = 104857600                                 {product} {command line}
   size_t NewSize                                  = 34603008                                  {product} {ergonomic}
    uintx NonNMethodCodeHeapSize                   = 5839372                                {pd product} {ergonomic}
    uintx NonProfiledCodeHeapSize                  = 122909434                              {pd product} {ergonomic}
   size_t OldSize                                  = 70254592                                  {product} {ergonomic}
    uintx ProfiledCodeHeapSize                     = 122909434                              {pd product} {ergonomic}
    uintx ReservedCodeCacheSize                    = 251658240                              {pd product} {ergonomic}
     bool SegmentedCodeCache                       = true                                      {product} {ergonomic}
   size_t SoftMaxHeapSize                          = 1073741824                             {manageable} {ergonomic}
     bool UseCompressedClassPointers               = true                                 {lp64_product} {ergonomic}
     bool UseCompressedOops                        = true                                 {lp64_product} {ergonomic}
     bool UseParallelGC                            = true                                      {product} {command line}

Logging:
Log output configuration:
 #0: stdout all=warning uptime,level,tags
 #1: stderr all=off uptime,level,tags

Environment Variables:
PATH=/home/anshul/.local/bin:/home/anshul/.local/bin:/usr/local/bin:/usr/bin:/bin:/usr/local/sbin:/opt/cuda/bin:/usr/lib/jvm/default/bin:/usr/bin/site_perl:/usr/bin/vendor_perl:/usr/bin/core_perl:/var/lib/snapd/snap/bin:/opt/cuda/bin:/usr/lib/jvm/default/bin
SHELL=/usr/bin/zsh
DISPLAY=:0.0

Signal Handlers:
SIGSEGV: [libjvm.so+0xe28980], sa_mask[0]=11111111011111111101111111111110, sa_flags=SA_RESTART|SA_SIGINFO
SIGBUS: [libjvm.so+0xe28980], sa_mask[0]=11111111011111111101111111111110, sa_flags=SA_RESTART|SA_SIGINFO
SIGFPE: [libjvm.so+0xe28980], sa_mask[0]=11111111011111111101111111111110, sa_flags=SA_RESTART|SA_SIGINFO
SIGPIPE: [libjvm.so+0xb86c20], sa_mask[0]=11111111011111111101111111111110, sa_flags=SA_RESTART|SA_SIGINFO
SIGXFSZ: [libjvm.so+0xb86c20], sa_mask[0]=11111111011111111101111111111110, sa_flags=SA_RESTART|SA_SIGINFO
SIGILL: [libjvm.so+0xe28980], sa_mask[0]=11111111011111111101111111111110, sa_flags=SA_RESTART|SA_SIGINFO
SIGUSR2: [libjvm.so+0xb86ab0], sa_mask[0]=00000000000000000000000000000000, sa_flags=SA_RESTART|SA_SIGINFO
SIGHUP: [libjvm.so+0xb87330], sa_mask[0]=11111111011111111101111111111110, sa_flags=SA_RESTART|SA_SIGINFO
SIGINT: [libjvm.so+0xb87330], sa_mask[0]=11111111011111111101111111111110, sa_flags=SA_RESTART|SA_SIGINFO
SIGTERM: [libjvm.so+0xb87330], sa_mask[0]=11111111011111111101111111111110, sa_flags=SA_RESTART|SA_SIGINFO
SIGQUIT: [libjvm.so+0xb87330], sa_mask[0]=11111111011111111101111111111110, sa_flags=SA_RESTART|SA_SIGINFO


---------------  S Y S T E M  ---------------

OS:DISTRIB_ID=ManjaroLinux
DISTRIB_RELEASE=20.1.2
DISTRIB_CODENAME=Mikah
DISTRIB_DESCRIPTION="Manjaro Linux"
uname:Linux 5.4.72-1-MANJARO #1 SMP PREEMPT Sat Oct 17 11:06:19 UTC 2020 x86_64
OS uptime: 1 days 0:27 hours
libc:glibc 2.32 NPTL 2.32 
rlimit: STACK 8192k, CORE infinity, NPROC 63518, NOFILE 524288, AS infinity, DATA infinity, FSIZE infinity
load average:1.32 1.16 1.01

/proc/meminfo:
MemTotal:       16279532 kB
MemFree:         1449640 kB
MemAvailable:   11827240 kB
Buffers:         4797304 kB
Cached:          3141052 kB
SwapCached:        13340 kB
Active:          8472160 kB
Inactive:        2587184 kB
Active(anon):    2884688 kB
Inactive(anon):   660460 kB
Active(file):    5587472 kB
Inactive(file):  1926724 kB
Unevictable:      232092 kB
Mlocked:             128 kB
SwapTotal:       6143996 kB
SwapFree:        6129700 kB
Dirty:               256 kB
Writeback:             0 kB
AnonPages:       3339532 kB
Mapped:           814016 kB
Shmem:            542332 kB
KReclaimable:    3209644 kB
Slab:            3355180 kB
SReclaimable:    3209644 kB
SUnreclaim:       145536 kB
KernelStack:       15088 kB
PageTables:        34952 kB
NFS_Unstable:          0 kB
Bounce:                0 kB
WritebackTmp:          0 kB
CommitLimit:    14283760 kB
Committed_AS:   10013696 kB
VmallocTotal:   34359738367 kB
VmallocUsed:       60592 kB
VmallocChunk:          0 kB
Percpu:             4736 kB
HardwareCorrupted:     0 kB
AnonHugePages:         0 kB
ShmemHugePages:        0 kB
ShmemPmdMapped:        0 kB
FileHugePages:         0 kB
FilePmdMapped:         0 kB
HugePages_Total:       0
HugePages_Free:        0
HugePages_Rsvd:        0
HugePages_Surp:        0
Hugepagesize:       2048 kB
Hugetlb:               0 kB
DirectMap4k:      757748 kB
DirectMap2M:    15900672 kB
DirectMap1G:           0 kB


/proc/sys/kernel/threads-max (system-wide limit on the number of threads):
127037


/proc/sys/vm/max_map_count (maximum number of memory map areas a process may have):
65530


/proc/sys/kernel/pid_max (system-wide limit on number of process identifiers):
4194304



container (cgroup) information:
container_type: cgroupv1
cpu_cpuset_cpus: 0-7
cpu_memory_nodes: 0
active_processor_count: 8
cpu_quota: no quota
cpu_period: 100000
cpu_shares: no shares
memory_limit_in_bytes: unlimited
memory_and_swap_limit_in_bytes: unlimited
memory_soft_limit_in_bytes: unlimited
memory_usage_in_bytes: 5952655360
memory_max_usage_in_bytes: 7526674432

Steal ticks since vm start: 0
Steal ticks percentage since vm start:  0.000

CPU:total 8 (initial active 8) (4 cores per cpu, 2 threads per core) family 6 model 158 stepping 9, cmov, cx8, fxsr, mmx, sse, sse2, sse3, ssse3, sse4.1, sse4.2, popcnt, avx, avx2, aes, clmul, erms, 3dnowpref, lzcnt, ht, tsc, tscinvbit, bmi1, bmi2, adx, fma
CPU Model and flags from /proc/cpuinfo:
model name	: Intel(R) Core(TM) i7-7700HQ CPU @ 2.80GHz
flags		: fpu vme de pse tsc msr pae mce cx8 apic sep mtrr pge mca cmov pat pse36 clflush dts acpi mmx fxsr sse sse2 ss ht tm pbe syscall nx pdpe1gb rdtscp lm constant_tsc art arch_perfmon pebs bts rep_good nopl xtopology nonstop_tsc cpuid aperfmperf pni pclmulqdq dtes64 monitor ds_cpl vmx est tm2 ssse3 sdbg fma cx16 xtpr pdcm pcid sse4_1 sse4_2 x2apic movbe popcnt tsc_deadline_timer aes xsave avx f16c rdrand lahf_lm abm 3dnowprefetch cpuid_fault epb invpcid_single pti ssbd ibrs ibpb stibp tpr_shadow vnmi flexpriority ept vpid ept_ad fsgsbase tsc_adjust bmi1 avx2 smep bmi2 erms invpcid mpx rdseed adx smap clflushopt intel_pt xsaveopt xsavec xgetbv1 xsaves dtherm ida arat pln pts hwp hwp_notify hwp_act_window hwp_epp md_clear flush_l1d

Memory: 4k page, physical 16279532k(1449640k free), swap 6143996k(6129700k free)

vm_info: OpenJDK 64-Bit Server VM (14.0.2+12) for linux-amd64 JRE (14.0.2+12), built on Jul 16 2020 20:46:47 by "builduser" with gcc 10.1.0

END.
